MIPS closing: MIPS, Version 1.43 Jan 19, 2019,Sat Jan 19 12:31:00 2019
MIPS loaded: MIPS, Version 1.43 Jan 19, 2019,Sat Jan 19 12:31:42 2019
Control panel loaded: /Users/GAA/GAACE/Products/MIPS/MIPSapp/MIPS/Example.cfg,Sat Jan 19 12:31:43 2019
CP StatusBar: Server started!,Sat Jan 19 12:31:43 2019
Timing control trigger pressed,Sat Jan 19 12:31:52 2019
StartAcquire:/Users/GAA/GAACE/Products/MIPS/MIPSapp/build-MIPS-Desktop_Qt_5_4_2_clang_64bit-Release/MIPS.app/Contents/MacOS/Test.0000,Sat Jan 19 12:31:52 2019
Aquire app started: /Users/GAA/GAACE/Products/MIPS/MIPSapp/build-MIPS-Desktop_Qt_5_4_2_clang_64bit-Release/MIPS.app/Contents/MacOS/Test.0003/Acquire.data,Sat Jan 19 12:31:53 2019
Aquire finished,Sat Jan 19 12:32:01 2019
Aquire application dialog was closed!,Sat Jan 19 12:32:01 2019
Timing control trigger pressed,Sat Jan 19 12:32:25 2019
StartAcquire:/Users/GAA/GAACE/Products/MIPS/MIPSapp/build-MIPS-Desktop_Qt_5_4_2_clang_64bit-Release/MIPS.app/Contents/MacOS/Test.0000,Sat Jan 19 12:32:25 2019
Aquire app started: /Users/GAA/GAACE/Products/MIPS/MIPSapp/build-MIPS-Desktop_Qt_5_4_2_clang_64bit-Release/MIPS.app/Contents/MacOS/Test.0004/Acquire.data,Sat Jan 19 12:32:25 2019
Timing control trigger pressed while running!,Sat Jan 19 12:32:30 2019
Timing control trigger pressed while running!,Sat Jan 19 12:32:31 2019
Timing control trigger pressed while running!,Sat Jan 19 12:32:31 2019
Timing control trigger pressed while running!,Sat Jan 19 12:32:32 2019
Aquire finished,Sat Jan 19 12:32:33 2019
Aquire application dialog was closed!,Sat Jan 19 12:32:33 2019
Control panel unloading,Sat Jan 19 12:32:36 2019
MIPS closing: MIPS, Version 1.43 Jan 19, 2019,Sat Jan 19 12:32:37 2019
MIPS loaded: MIPS, Version 1.43 Jan 19, 2019,Mon Jan 21 08:51:17 2019
Control panel loaded: /Users/GAA/GAACE/Products/MIPS/MIPSapp/MIPS/Example.cfg,Mon Jan 21 08:51:18 2019
CP StatusBar: Server started!,Mon Jan 21 08:51:18 2019
Control panel unloading,Mon Jan 21 08:51:25 2019
MIPS StatusBar: Connected to usbmodem142101 : 9600, 8, None, 1, None,Mon Jan 21 08:51:32 2019
Tab selected, ARB,Mon Jan 21 08:51:35 2019
Tab selected, System,Mon Jan 21 09:04:20 2019
MIPS StatusBar: Disconnected,Mon Jan 21 09:04:22 2019
MIPS StatusBar: Connected to usbmodem142101 : 9600, 8, None, 1, None,Mon Jan 21 09:06:32 2019
Tab selected, ARB,Mon Jan 21 09:06:35 2019
MIPS loaded: MIPS, Version 1.43 Jan 19, 2019,Mon Jan 21 16:23:42 2019
Control panel loaded: /Users/GAA/GAACE/Products/MIPS/MIPSapp/MIPS/Example.cfg,Mon Jan 21 16:23:43 2019
CP StatusBar: Server started!,Mon Jan 21 16:23:43 2019
Control panel unloading,Mon Jan 21 16:23:50 2019
MIPS StatusBar: Connected to usbmodem14211101 : 115200, 8, None, 1, None,Mon Jan 21 16:24:00 2019
Tab selected, Terminal,Mon Jan 21 16:24:02 2019
Tab selected, Pulse Sequence Generation,Mon Jan 21 16:24:41 2019
MIPS StatusBar: Updating Pulse Sequence Generation controls...,Mon Jan 21 16:24:41 2019
Tab selected, Terminal,Mon Jan 21 16:25:09 2019
Tab selected, Pulse Sequence Generation,Mon Jan 21 16:26:25 2019
MIPS StatusBar: Updating Pulse Sequence Generation controls...,Mon Jan 21 16:26:25 2019
Tab selected, System,Mon Jan 21 16:42:40 2019
MIPS StatusBar: Disconnected,Mon Jan 21 16:42:41 2019
MIPS StatusBar: Open error: Resource busy,Mon Jan 21 16:45:11 2019
MIPS StatusBar: Disconnected!,Mon Jan 21 16:45:11 2019
MIPS StatusBar: Disconnected,Mon Jan 21 16:45:12 2019
MIPS StatusBar: Open error: Resource busy,Mon Jan 21 16:45:26 2019
MIPS StatusBar: Disconnected!,Mon Jan 21 16:45:26 2019
MIPS closing: MIPS, Version 1.43 Jan 19, 2019,Mon Jan 21 16:45:27 2019
MIPS loaded: MIPS, Version 1.43 Jan 19, 2019,Mon Jan 21 16:45:31 2019
Control panel loaded: /Users/GAA/GAACE/Products/MIPS/MIPSapp/MIPS/Example.cfg,Mon Jan 21 16:45:32 2019
CP StatusBar: Server started!,Mon Jan 21 16:45:32 2019
Control panel unloading,Mon Jan 21 16:45:36 2019
MIPS StatusBar: Open error: Resource busy,Mon Jan 21 16:45:44 2019
MIPS StatusBar: Disconnected!,Mon Jan 21 16:45:44 2019
MIPS StatusBar: Disconnected,Mon Jan 21 16:45:51 2019
MIPS StatusBar: Connected to usbmodem14211101 : 9600, 8, None, 1, None,Mon Jan 21 16:45:56 2019
Tab selected, Terminal,Mon Jan 21 16:45:58 2019
Tab selected, Pulse Sequence Generation,Mon Jan 21 16:46:28 2019
MIPS StatusBar: Updating Pulse Sequence Generation controls...,Mon Jan 21 16:46:28 2019
Tab selected, System,Mon Jan 21 16:53:28 2019
MIPS StatusBar: Disconnected,Mon Jan 21 16:53:29 2019
MIPS StatusBar: Connected to usbmodem14211101 : 9600, 8, None, 1, None,Mon Jan 21 16:54:56 2019
Tab selected, Terminal,Mon Jan 21 16:54:59 2019
Tab selected, Pulse Sequence Generation,Mon Jan 21 16:55:32 2019
MIPS StatusBar: Updating Pulse Sequence Generation controls...,Mon Jan 21 16:55:32 2019
Tab selected, Terminal,Mon Jan 21 16:56:50 2019
Tab selected, System,Mon Jan 21 16:57:42 2019
MIPS StatusBar: Disconnected,Mon Jan 21 16:57:43 2019
MIPS StatusBar: Connected to usbmodem14211101 : 9600, 8, None, 1, None,Mon Jan 21 17:00:37 2019
Tab selected, Terminal,Mon Jan 21 17:00:39 2019
Tab selected, System,Mon Jan 21 17:03:43 2019
MIPS StatusBar: Disconnected,Mon Jan 21 17:03:44 2019
MIPS StatusBar: Connected to usbmodem14211101 : 9600, 8, None, 1, None,Mon Jan 21 17:05:03 2019
Tab selected, Terminal,Mon Jan 21 17:05:09 2019
Tab selected, System,Mon Jan 21 17:26:58 2019
MIPS StatusBar: Disconnected,Mon Jan 21 17:27:00 2019
MIPS StatusBar: Connected to usbmodem14211101 : 9600, 8, None, 1, None,Mon Jan 21 17:29:05 2019
Tab selected, Terminal,Mon Jan 21 17:29:07 2019
Tab selected, Pulse Sequence Generation,Mon Jan 21 17:29:46 2019
MIPS StatusBar: Updating Pulse Sequence Generation controls...,Mon Jan 21 17:29:46 2019
Tab selected, Terminal,Mon Jan 21 17:30:11 2019
Tab selected, Pulse Sequence Generation,Mon Jan 21 17:31:31 2019
MIPS StatusBar: Updating Pulse Sequence Generation controls...,Mon Jan 21 17:31:31 2019
Tab selected, Terminal,Mon Jan 21 17:31:40 2019
MIPS closing: MIPS, Version 1.43 Jan 19, 2019,Mon Jan 21 17:33:44 2019
MIPS loaded: MIPS, Version 1.43 Jan 19, 2019,Tue Jan 22 09:51:51 2019
Control panel loaded: /Users/GAA/GAACE/Products/MIPS/MIPSapp/MIPS/Example.cfg,Tue Jan 22 09:51:52 2019
CP StatusBar: Server started!,Tue Jan 22 09:51:52 2019
Control panel unloading,Tue Jan 22 09:51:57 2019
MIPS StatusBar: Disconnected,Tue Jan 22 09:51:58 2019
MIPS StatusBar: Connected to usbmodem14211101 : 9600, 8, None, 1, None,Tue Jan 22 09:52:04 2019
Tab selected, Terminal,Tue Jan 22 09:52:10 2019
Tab selected, System,Tue Jan 22 09:56:11 2019
MIPS StatusBar: Disconnected,Tue Jan 22 09:56:13 2019
MIPS StatusBar: Connected to usbmodem14211101 : 9600, 8, None, 1, None,Tue Jan 22 09:57:30 2019
Tab selected, Terminal,Tue Jan 22 09:57:32 2019
Tab selected, System,Tue Jan 22 09:58:37 2019
MIPS StatusBar: Disconnected,Tue Jan 22 09:58:39 2019
MIPS StatusBar: Connected to usbmodem14211101 : 9600, 8, None, 1, None,Tue Jan 22 10:01:04 2019
Tab selected, Terminal,Tue Jan 22 10:01:06 2019
Tab selected, System,Tue Jan 22 10:03:23 2019
MIPS StatusBar: Disconnected,Tue Jan 22 10:03:25 2019
MIPS StatusBar: Connected to usbmodem14211101 : 9600, 8, None, 1, None,Tue Jan 22 10:03:57 2019
Tab selected, Terminal,Tue Jan 22 10:03:58 2019
Tab selected, System,Tue Jan 22 10:06:18 2019
MIPS StatusBar: Disconnected,Tue Jan 22 10:06:19 2019
MIPS StatusBar: Connected to usbmodem14211101 : 9600, 8, None, 1, None,Tue Jan 22 10:07:34 2019
Tab selected, Terminal,Tue Jan 22 10:07:35 2019
Tab selected, System,Tue Jan 22 10:08:56 2019
MIPS StatusBar: Disconnected,Tue Jan 22 10:08:58 2019
MIPS StatusBar: Connected to usbmodem14211101 : 9600, 8, None, 1, None,Tue Jan 22 10:10:14 2019
Tab selected, Terminal,Tue Jan 22 10:10:16 2019
Tab selected, System,Tue Jan 22 10:13:10 2019
MIPS StatusBar: Disconnected,Tue Jan 22 10:13:11 2019
MIPS StatusBar: Connected to usbmodem14211101 : 9600, 8, None, 1, None,Tue Jan 22 10:14:33 2019
Tab selected, Terminal,Tue Jan 22 10:14:34 2019
Tab selected, System,Tue Jan 22 10:17:21 2019
MIPS StatusBar: Disconnected,Tue Jan 22 10:17:22 2019
MIPS StatusBar: Connected to usbmodem14211101 : 9600, 8, None, 1, None,Tue Jan 22 10:18:35 2019
Tab selected, Terminal,Tue Jan 22 10:18:37 2019
Tab selected, System,Tue Jan 22 10:20:25 2019
MIPS StatusBar: Disconnected,Tue Jan 22 10:20:26 2019
MIPS StatusBar: Connected to usbmodem14211101 : 9600, 8, None, 1, None,Tue Jan 22 10:21:44 2019
Tab selected, Terminal,Tue Jan 22 10:21:45 2019
Tab selected, System,Tue Jan 22 10:24:00 2019
MIPS StatusBar: Disconnected,Tue Jan 22 10:24:02 2019
MIPS StatusBar: Connected to usbmodem14211101 : 9600, 8, None, 1, None,Tue Jan 22 10:25:14 2019
Tab selected, Terminal,Tue Jan 22 10:25:16 2019
Tab selected, System,Tue Jan 22 10:30:00 2019
MIPS StatusBar: Disconnected,Tue Jan 22 10:30:02 2019
MIPS StatusBar: Connected to usbmodem14211101 : 9600, 8, None, 1, None,Tue Jan 22 10:31:11 2019
Tab selected, Terminal,Tue Jan 22 10:31:13 2019
Tab selected, System,Tue Jan 22 10:33:14 2019
MIPS StatusBar: Disconnected,Tue Jan 22 10:33:15 2019
MIPS StatusBar: Connected to usbmodem14211101 : 9600, 8, None, 1, None,Tue Jan 22 10:34:26 2019
Tab selected, Terminal,Tue Jan 22 10:34:27 2019
Tab selected, System,Tue Jan 22 10:35:34 2019
MIPS StatusBar: Disconnected,Tue Jan 22 10:35:35 2019
MIPS StatusBar: Connected to usbmodem14211101 : 9600, 8, None, 1, None,Tue Jan 22 10:36:45 2019
Tab selected, Terminal,Tue Jan 22 10:36:47 2019
Tab selected, System,Tue Jan 22 10:40:11 2019
MIPS StatusBar: Disconnected,Tue Jan 22 10:40:12 2019
MIPS StatusBar: Connected to usbmodem14211101 : 9600, 8, None, 1, None,Tue Jan 22 10:41:25 2019
Tab selected, Terminal,Tue Jan 22 10:41:27 2019
Tab selected, DCbias,Tue Jan 22 10:42:34 2019
Tab selected, Digital IO,Tue Jan 22 10:47:04 2019
MIPS StatusBar: Updating Digital IO controls...,Tue Jan 22 10:47:04 2019
Tab selected, ADC,Tue Jan 22 10:47:05 2019
Tab selected, Terminal,Tue Jan 22 10:47:07 2019
Tab selected, ADC,Tue Jan 22 10:47:24 2019
Tab selected, Terminal,Tue Jan 22 10:47:26 2019
Tab selected, DCbias,Tue Jan 22 10:47:35 2019
Tab selected, Terminal,Tue Jan 22 11:08:33 2019
MIPS StatusBar: GDCBV,7 :Timeout,Tue Jan 22 11:08:35 2019
MIPS StatusBar: GDCBV,8 :Timeout,Tue Jan 22 11:08:37 2019
MIPS StatusBar: GDCMIN,1 :Timeout,Tue Jan 22 11:08:39 2019
Tab selected, DCbias,Tue Jan 22 11:08:39 2019
MIPS loaded: MIPS, Version 1.43 Jan 19, 2019,Tue Jan 22 11:09:29 2019
Control panel loaded: /Users/GAA/GAACE/Products/MIPS/MIPSapp/MIPS/Example.cfg,Tue Jan 22 11:09:30 2019
CP StatusBar: Server started!,Tue Jan 22 11:09:30 2019
Control panel unloading,Tue Jan 22 11:09:35 2019
MIPS StatusBar: Connected to usbmodem14211101 : 9600, 8, None, 1, None,Tue Jan 22 11:09:44 2019
Tab selected, DCbias,Tue Jan 22 11:09:53 2019
Tab selected, Terminal,Tue Jan 22 11:09:59 2019
Tab selected, DCbias,Tue Jan 22 11:10:05 2019
MIPS loaded: MIPS, Version 1.43 Jan 19, 2019,Tue Jan 22 11:13:45 2019
Control panel loaded: /Users/GAA/GAACE/Products/MIPS/MIPSapp/MIPS/Example.cfg,Tue Jan 22 11:13:46 2019
CP StatusBar: Server started!,Tue Jan 22 11:13:46 2019
Control panel unloading,Tue Jan 22 11:13:52 2019
MIPS StatusBar: Connected to usbmodem14211101 : 9600, 8, None, 1, None,Tue Jan 22 11:15:04 2019
Tab selected, Terminal,Tue Jan 22 11:15:06 2019
Tab selected, DCbias,Tue Jan 22 11:15:34 2019
Tab selected, Terminal,Tue Jan 22 11:15:39 2019
Tab selected, DCbias,Tue Jan 22 11:15:48 2019
Tab selected, Terminal,Tue Jan 22 11:16:07 2019
Tab selected, DCbias,Tue Jan 22 11:16:23 2019
Tab selected, Terminal,Tue Jan 22 11:16:28 2019
Tab selected, DCbias,Tue Jan 22 11:16:42 2019
Tab selected, Terminal,Tue Jan 22 11:16:52 2019
Tab selected, DCbias,Tue Jan 22 11:16:59 2019
MIPS loaded: MIPS, Version 1.43 Jan 19, 2019,Tue Jan 22 11:22:32 2019
Control panel loaded: /Users/GAA/GAACE/Products/MIPS/MIPSapp/MIPS/Example.cfg,Tue Jan 22 11:22:33 2019
CP StatusBar: Server started!,Tue Jan 22 11:22:33 2019
Control panel unloading,Tue Jan 22 11:22:38 2019
MIPS StatusBar: Connected to usbmodem14211101 : 9600, 8, None, 1, None,Tue Jan 22 11:22:45 2019
Tab selected, Terminal,Tue Jan 22 11:22:47 2019
Tab selected, DCbias,Tue Jan 22 11:22:48 2019
Tab selected, Terminal,Tue Jan 22 11:22:54 2019
Tab selected, DCbias,Tue Jan 22 11:22:59 2019
Tab selected, Terminal,Tue Jan 22 11:23:02 2019
Tab selected, DCbias,Tue Jan 22 11:23:04 2019
Tab selected, Terminal,Tue Jan 22 11:23:10 2019
MIPS StatusBar: GDCB,2 :Timeout,Tue Jan 22 11:23:12 2019
Tab selected, DCbias,Tue Jan 22 11:23:13 2019
Tab selected, Terminal,Tue Jan 22 11:23:22 2019
Tab selected, DCbias,Tue Jan 22 11:23:29 2019
Tab selected, Terminal,Tue Jan 22 11:23:36 2019
Tab selected, DCbias,Tue Jan 22 11:23:52 2019
Tab selected, Terminal,Tue Jan 22 11:24:06 2019
Tab selected, DCbias,Tue Jan 22 11:24:48 2019
Tab selected, RFdriver,Tue Jan 22 11:25:03 2019
MIPS StatusBar: Updating RF driver controls...,Tue Jan 22 11:25:03 2019
MIPS loaded: MIPS, Version 1.43 Jan 19, 2019,Tue Jan 22 11:25:30 2019
Control panel loaded: /Users/GAA/GAACE/Products/MIPS/MIPSapp/MIPS/Example.cfg,Tue Jan 22 11:25:31 2019
CP StatusBar: Server started!,Tue Jan 22 11:25:31 2019
Control panel unloading,Tue Jan 22 11:25:36 2019
MIPS StatusBar: Connected to usbmodem14211101 : 9600, 8, None, 1, None,Tue Jan 22 11:26:17 2019
Tab selected, DCbias,Tue Jan 22 11:26:20 2019
Tab selected, RFdriver,Tue Jan 22 11:26:28 2019
MIPS StatusBar: Updating RF driver controls...,Tue Jan 22 11:26:28 2019
Tab selected, DCbias,Tue Jan 22 11:26:30 2019
Tab selected, Terminal,Tue Jan 22 11:26:34 2019
Tab selected, DCbias,Tue Jan 22 11:26:36 2019
Tab selected, Terminal,Tue Jan 22 11:26:42 2019
MIPS StatusBar: GDCB,3 :Timeout,Tue Jan 22 11:26:44 2019
MIPS StatusBar: GDCB,4 :Timeout,Tue Jan 22 11:26:46 2019
MIPS StatusBar: GDCB,5 :Timeout,Tue Jan 22 11:26:49 2019
MIPS StatusBar: GDCB,6 :Timeout,Tue Jan 22 11:26:51 2019
MIPS StatusBar: GDCB,7 :Timeout,Tue Jan 22 11:26:53 2019
MIPS StatusBar: GDCB,8 :Timeout,Tue Jan 22 11:26:55 2019
MIPS StatusBar: GDCBV,1 :Timeout,Tue Jan 22 11:26:58 2019
MIPS StatusBar: GDCBV,2 :Timeout,Tue Jan 22 11:27:00 2019
MIPS StatusBar: GDCBV,3 :Timeout,Tue Jan 22 11:27:02 2019
MIPS StatusBar: GDCBV,4 :Timeout,Tue Jan 22 11:27:04 2019
MIPS StatusBar: GDCBV,5 :Timeout,Tue Jan 22 11:27:07 2019
MIPS StatusBar: GDCBV,6 :Timeout,Tue Jan 22 11:27:09 2019
MIPS StatusBar: GDCBV,7 :Timeout,Tue Jan 22 11:27:11 2019
MIPS StatusBar: GDCBV,8 :Timeout,Tue Jan 22 11:27:13 2019
MIPS StatusBar: GDCMIN,1 :Timeout,Tue Jan 22 11:27:16 2019
MIPS StatusBar: GDCMAX,1 :Timeout,Tue Jan 22 11:27:18 2019
MIPS StatusBar: GDCBOF,1 :Timeout,Tue Jan 22 11:27:20 2019
Tab selected, DCbias,Tue Jan 22 11:27:23 2019
Tab selected, RFdriver,Tue Jan 22 11:27:28 2019
MIPS StatusBar: Updating RF driver controls...,Tue Jan 22 11:27:28 2019
MIPS StatusBar: Updating RF driver controls...,Tue Jan 22 11:27:32 2019
Tab selected, DCbias,Tue Jan 22 11:27:34 2019
Tab selected, Terminal,Tue Jan 22 11:27:37 2019
MIPS StatusBar: GDCBV,7 :Timeout,Tue Jan 22 11:27:39 2019
Tab selected, DCbias,Tue Jan 22 11:27:40 2019
Tab selected, Terminal,Tue Jan 22 11:27:50 2019
Tab selected, DCbias,Tue Jan 22 11:27:56 2019
Tab selected, RFdriver,Tue Jan 22 11:28:02 2019
MIPS StatusBar: Updating RF driver controls...,Tue Jan 22 11:28:02 2019
MIPS loaded: MIPS, Version 1.43 Jan 19, 2019,Tue Jan 22 11:38:52 2019
Control panel loaded: /Users/GAA/GAACE/Products/MIPS/MIPSapp/MIPS/Example.cfg,Tue Jan 22 11:38:53 2019
CP StatusBar: Server started!,Tue Jan 22 11:38:53 2019
Control panel unloading,Tue Jan 22 11:39:01 2019
MIPS StatusBar: Connected to usbmodem14211101 : 9600, 8, None, 1, None,Tue Jan 22 11:39:08 2019
Tab selected, Terminal,Tue Jan 22 11:39:10 2019
Tab selected, DCbias,Tue Jan 22 11:39:41 2019
Tab selected, Terminal,Tue Jan 22 11:39:55 2019
Tab selected, DCbias,Tue Jan 22 11:40:14 2019
Tab selected, Terminal,Tue Jan 22 11:40:20 2019
Tab selected, DCbias,Tue Jan 22 11:40:22 2019
Tab selected, Terminal,Tue Jan 22 11:40:23 2019
Tab selected, RFdriver,Tue Jan 22 11:40:25 2019
MIPS StatusBar: Updating RF driver controls...,Tue Jan 22 11:40:25 2019
Tab selected, DCbias,Tue Jan 22 11:40:26 2019
Tab selected, RFdriver,Tue Jan 22 11:40:28 2019
MIPS StatusBar: Updating RF driver controls...,Tue Jan 22 11:40:28 2019
Tab selected, Digital IO,Tue Jan 22 11:40:29 2019
MIPS StatusBar: Updating Digital IO controls...,Tue Jan 22 11:40:29 2019
Tab selected, DCbias,Tue Jan 22 11:40:30 2019
Tab selected, RFdriver,Tue Jan 22 11:40:31 2019
MIPS StatusBar: Updating RF driver controls...,Tue Jan 22 11:40:31 2019
Tab selected, Terminal,Tue Jan 22 11:40:32 2019
Tab selected, DCbias,Tue Jan 22 11:40:34 2019
Tab selected, Terminal,Tue Jan 22 11:40:36 2019
Tab selected, DCbias,Tue Jan 22 11:40:48 2019
Tab selected, RFdriver,Tue Jan 22 11:40:59 2019
MIPS StatusBar: Updating RF driver controls...,Tue Jan 22 11:40:59 2019
Tab selected, DCbias,Tue Jan 22 11:41:00 2019
Tab selected, Digital IO,Tue Jan 22 11:41:01 2019
MIPS StatusBar: Updating Digital IO controls...,Tue Jan 22 11:41:01 2019
Tab selected, Terminal,Tue Jan 22 11:41:03 2019
Tab selected, Digital IO,Tue Jan 22 11:41:04 2019
MIPS StatusBar: Updating Digital IO controls...,Tue Jan 22 11:41:04 2019
Tab selected, DCbias,Tue Jan 22 11:41:05 2019
Tab selected, RFdriver,Tue Jan 22 11:41:06 2019
MIPS StatusBar: Updating RF driver controls...,Tue Jan 22 11:41:06 2019
Tab selected, DCbias,Tue Jan 22 11:41:06 2019
Tab selected, Digital IO,Tue Jan 22 11:41:07 2019
MIPS StatusBar: Updating Digital IO controls...,Tue Jan 22 11:41:07 2019
Tab selected, Terminal,Tue Jan 22 11:41:08 2019
Tab selected, Digital IO,Tue Jan 22 11:59:14 2019
MIPS StatusBar: Updating Digital IO controls...,Tue Jan 22 11:59:14 2019
Tab selected, DCbias,Tue Jan 22 11:59:15 2019
Tab selected, System,Tue Jan 22 12:03:07 2019
MIPS StatusBar: Disconnected,Tue Jan 22 12:03:09 2019
MIPS closing: MIPS, Version 1.43 Jan 19, 2019,Tue Jan 22 12:03:10 2019
MIPS loaded: MIPS, Version 1.43 Jan 19, 2019,Tue Jan 22 12:03:53 2019
Control panel loaded: /Users/GAA/GAACE/Products/MIPS/MIPSapp/MIPS/Example.cfg,Tue Jan 22 12:03:54 2019
CP StatusBar: Server started!,Tue Jan 22 12:03:54 2019
Control panel unloading,Tue Jan 22 12:03:58 2019
MIPS StatusBar: Connected to usbmodem14211101 : 9600, 8, None, 1, None,Tue Jan 22 12:04:02 2019
Tab selected, DCbias,Tue Jan 22 12:04:08 2019
Tab selected, Terminal,Tue Jan 22 12:04:13 2019
Tab selected, DCbias,Tue Jan 22 12:04:15 2019
Tab selected, Terminal,Tue Jan 22 12:04:17 2019
Tab selected, Digital IO,Tue Jan 22 12:04:19 2019
MIPS StatusBar: Updating Digital IO controls...,Tue Jan 22 12:04:19 2019
Tab selected, DCbias,Tue Jan 22 12:04:21 2019
Tab selected, Terminal,Tue Jan 22 12:04:29 2019
Tab selected, Digital IO,Tue Jan 22 12:04:43 2019
MIPS StatusBar: Updating Digital IO controls...,Tue Jan 22 12:04:43 2019
MIPS loaded: MIPS, Version 1.43 Jan 19, 2019,Tue Jan 22 12:06:39 2019
Control panel loaded: /Users/GAA/GAACE/Products/MIPS/MIPSapp/MIPS/Example.cfg,Tue Jan 22 12:06:40 2019
CP StatusBar: Server started!,Tue Jan 22 12:06:40 2019
Control panel unloading,Tue Jan 22 12:06:46 2019
MIPS StatusBar: Connected to usbmodem14211101 : 9600, 8, None, 1, None,Tue Jan 22 12:06:52 2019
Tab selected, DCbias,Tue Jan 22 12:06:56 2019
Tab selected, Terminal,Tue Jan 22 12:07:06 2019
Tab selected, DCbias,Tue Jan 22 12:07:10 2019
Tab selected, Terminal,Tue Jan 22 12:07:19 2019
Tab selected, DCbias,Tue Jan 22 12:07:28 2019
Tab selected, Terminal,Tue Jan 22 12:07:38 2019
Tab selected, DCbias,Tue Jan 22 12:07:52 2019
Tab selected, Terminal,Tue Jan 22 12:08:03 2019
Tab selected, RFdriver,Tue Jan 22 12:08:33 2019
MIPS StatusBar: Updating RF driver controls...,Tue Jan 22 12:08:33 2019
MIPS loaded: MIPS, Version 1.43 Jan 19, 2019,Tue Jan 22 12:11:25 2019
Control panel loaded: /Users/GAA/GAACE/Products/MIPS/MIPSapp/MIPS/Example.cfg,Tue Jan 22 12:11:26 2019
CP StatusBar: Server started!,Tue Jan 22 12:11:26 2019
Control panel unloading,Tue Jan 22 12:11:31 2019
MIPS StatusBar: Connected to usbmodem14211101 : 9600, 8, None, 1, None,Tue Jan 22 12:11:38 2019
Tab selected, DCbias,Tue Jan 22 12:11:40 2019
Tab selected, Terminal,Tue Jan 22 12:11:46 2019
Tab selected, DCbias,Tue Jan 22 12:11:49 2019
Tab selected, Terminal,Tue Jan 22 12:11:50 2019
Tab selected, DCbias,Tue Jan 22 12:11:52 2019
Tab selected, Terminal,Tue Jan 22 12:11:54 2019
Tab selected, DCbias,Tue Jan 22 12:12:01 2019
Tab selected, Digital IO,Tue Jan 22 12:12:03 2019
MIPS StatusBar: Updating Digital IO controls...,Tue Jan 22 12:12:03 2019
Tab selected, Terminal,Tue Jan 22 12:12:04 2019
Tab selected, DCbias,Tue Jan 22 12:12:11 2019
Tab selected, RFdriver,Tue Jan 22 12:12:15 2019
MIPS StatusBar: Updating RF driver controls...,Tue Jan 22 12:12:15 2019
Tab selected, DCbias,Tue Jan 22 12:12:17 2019
Tab selected, Terminal,Tue Jan 22 12:12:19 2019
Tab selected, DCbias,Tue Jan 22 12:12:31 2019
Tab selected, Terminal,Tue Jan 22 12:12:33 2019
Tab selected, Digital IO,Tue Jan 22 12:12:36 2019
MIPS StatusBar: Updating Digital IO controls...,Tue Jan 22 12:12:36 2019
Tab selected, DCbias,Tue Jan 22 12:12:37 2019
Tab selected, Terminal,Tue Jan 22 12:12:40 2019
Tab selected, DCbias,Tue Jan 22 12:12:42 2019
Tab selected, Terminal,Tue Jan 22 12:12:51 2019
Tab selected, DCbias,Tue Jan 22 12:12:53 2019
MIPS StatusBar: Disconnected!,Tue Jan 22 12:12:55 2019
MIPS StatusBar: GDCB,4 :Timeout,Tue Jan 22 12:12:56 2019
Tab selected, Terminal,Tue Jan 22 12:13:01 2019
Tab selected, DCbias,Tue Jan 22 12:13:03 2019
Tab selected, RFdriver,Tue Jan 22 12:13:17 2019
MIPS StatusBar: Updating RF driver controls...,Tue Jan 22 12:13:17 2019
Tab selected, DCbias,Tue Jan 22 12:13:20 2019
Tab selected, Terminal,Tue Jan 22 12:13:23 2019
Tab selected, DCbias,Tue Jan 22 12:13:24 2019
Tab selected, System,Tue Jan 22 12:20:13 2019
MIPS StatusBar: Disconnected,Tue Jan 22 12:20:15 2019
MIPS closing: MIPS, Version 1.43 Jan 19, 2019,Tue Jan 22 12:20:16 2019
MIPS loaded: MIPS, Version 1.43 Jan 19, 2019,Tue Jan 22 12:21:20 2019
Control panel loaded: /Users/GAA/GAACE/Products/MIPS/MIPSapp/MIPS/Example.cfg,Tue Jan 22 12:21:21 2019
CP StatusBar: Server started!,Tue Jan 22 12:21:21 2019
Control panel unloading,Tue Jan 22 12:21:25 2019
MIPS StatusBar: Connected to usbmodem14211101 : 9600, 8, None, 1, None,Tue Jan 22 12:21:30 2019
Tab selected, DCbias,Tue Jan 22 12:21:35 2019
Tab selected, Terminal,Tue Jan 22 12:21:42 2019
Tab selected, DCbias,Tue Jan 22 12:21:43 2019
Tab selected, Terminal,Tue Jan 22 12:21:44 2019
Tab selected, DCbias,Tue Jan 22 12:21:45 2019
Tab selected, Digital IO,Tue Jan 22 12:21:46 2019
MIPS StatusBar: Updating Digital IO controls...,Tue Jan 22 12:21:46 2019
Tab selected, Terminal,Tue Jan 22 12:21:48 2019
Tab selected, DCbias,Tue Jan 22 12:21:49 2019
Tab selected, Terminal,Tue Jan 22 12:21:52 2019
Tab selected, DCbias,Tue Jan 22 12:21:54 2019
Tab selected, Terminal,Tue Jan 22 12:21:56 2019
Tab selected, DCbias,Tue Jan 22 12:21:58 2019
Tab selected, Terminal,Tue Jan 22 12:22:02 2019
Tab selected, DCbias,Tue Jan 22 12:22:04 2019
Tab selected, Terminal,Tue Jan 22 12:22:05 2019
Tab selected, DCbias,Tue Jan 22 12:22:07 2019
Tab selected, Terminal,Tue Jan 22 12:22:10 2019
Tab selected, DCbias,Tue Jan 22 12:22:11 2019
Tab selected, Terminal,Tue Jan 22 12:22:13 2019
Tab selected, DCbias,Tue Jan 22 12:22:14 2019
Tab selected, Terminal,Tue Jan 22 12:22:17 2019
Tab selected, DCbias,Tue Jan 22 12:22:18 2019
Tab selected, Terminal,Tue Jan 22 12:22:21 2019
Tab selected, DCbias,Tue Jan 22 12:22:25 2019
MIPS closing: MIPS, Version 1.43 Jan 19, 2019,Tue Jan 22 12:22:57 2019
MIPS loaded: MIPS, Version 1.43 Jan 19, 2019,Tue Jan 22 12:27:33 2019
Control panel loaded: /Users/GAA/GAACE/Products/MIPS/MIPSapp/MIPS/Example.cfg,Tue Jan 22 12:27:34 2019
CP StatusBar: Server started!,Tue Jan 22 12:27:34 2019
Control panel unloading,Tue Jan 22 12:27:38 2019
MIPS StatusBar: Connected to usbmodem14211101 : 9600, 8, None, 1, None,Tue Jan 22 12:27:45 2019
Tab selected, DCbias,Tue Jan 22 12:27:52 2019
Tab selected, Terminal,Tue Jan 22 12:27:57 2019
Tab selected, DCbias,Tue Jan 22 12:27:58 2019
Tab selected, Terminal,Tue Jan 22 12:27:59 2019
Tab selected, DCbias,Tue Jan 22 12:28:00 2019
Tab selected, Terminal,Tue Jan 22 12:28:01 2019
Tab selected, DCbias,Tue Jan 22 12:28:02 2019
Tab selected, Terminal,Tue Jan 22 12:28:04 2019
Tab selected, DCbias,Tue Jan 22 12:28:05 2019
Tab selected, Terminal,Tue Jan 22 12:28:06 2019
Tab selected, DCbias,Tue Jan 22 12:28:07 2019
MIPS StatusBar: Disconnected!,Tue Jan 22 12:28:10 2019
MIPS StatusBar: GDCB,6 :Timeout,Tue Jan 22 12:28:11 2019
Tab selected, Terminal,Tue Jan 22 12:28:14 2019
Tab selected, DCbias,Tue Jan 22 12:28:15 2019
Tab selected, Terminal,Tue Jan 22 12:28:18 2019
Tab selected, DCbias,Tue Jan 22 12:28:19 2019
Tab selected, Terminal,Tue Jan 22 12:28:22 2019
Tab selected, DCbias,Tue Jan 22 12:28:24 2019
Tab selected, Terminal,Tue Jan 22 12:28:26 2019
MIPS StatusBar: GDCBV,8 :Timeout,Tue Jan 22 12:28:29 2019
Tab selected, DCbias,Tue Jan 22 12:28:32 2019
Tab selected, Terminal,Tue Jan 22 12:28:36 2019
Tab selected, DCbias,Tue Jan 22 12:28:38 2019
Tab selected, Terminal,Tue Jan 22 12:28:39 2019
Tab selected, DCbias,Tue Jan 22 12:28:43 2019
Tab selected, Terminal,Tue Jan 22 12:29:28 2019
Tab selected, DCbias,Tue Jan 22 12:29:30 2019
Tab selected, Terminal,Tue Jan 22 12:29:31 2019
Tab selected, DCbias,Tue Jan 22 12:29:33 2019
Tab selected, Terminal,Tue Jan 22 12:29:33 2019
Tab selected, DCbias,Tue Jan 22 12:29:34 2019
Tab selected, Terminal,Tue Jan 22 12:29:35 2019
MIPS StatusBar: GDCBOF,1 :Timeout,Tue Jan 22 12:29:37 2019
Tab selected, DCbias,Tue Jan 22 12:29:45 2019
Tab selected, Terminal,Tue Jan 22 12:29:46 2019
Tab selected, DCbias,Tue Jan 22 12:29:47 2019
MIPS StatusBar: Disconnected!,Tue Jan 22 12:29:47 2019
MIPS StatusBar: GDCPWR :Timeout,Tue Jan 22 12:29:47 2019
Tab selected, Terminal,Tue Jan 22 12:29:48 2019
Tab selected, DCbias,Tue Jan 22 12:29:50 2019
Tab selected, Terminal,Tue Jan 22 12:29:50 2019
Tab selected, DCbias,Tue Jan 22 12:29:51 2019
Tab selected, Terminal,Tue Jan 22 12:29:53 2019
MIPS StatusBar: GDCMIN,1 :Timeout,Tue Jan 22 12:29:53 2019
Tab selected, DCbias,Tue Jan 22 12:29:57 2019
MIPS closing: MIPS, Version 1.43 Jan 19, 2019,Tue Jan 22 12:45:13 2019
MIPS loaded: MIPS, Version 1.43 Jan 19, 2019,Tue Jan 22 12:45:33 2019
Control panel loaded: /Users/GAA/GAACE/Products/MIPS/MIPSapp/MIPS/Example.cfg,Tue Jan 22 12:45:34 2019
CP StatusBar: Server started!,Tue Jan 22 12:45:34 2019
Control panel unloading,Tue Jan 22 12:45:38 2019
MIPS StatusBar: Connected to usbmodem14211101 : 9600, 8, None, 1, None,Tue Jan 22 12:45:43 2019
MIPS StatusBar: GNAME :Timeout,Tue Jan 22 12:45:48 2019
MIPS StatusBar: ECHO,FALSE :Timeout,Tue Jan 22 12:45:50 2019
MIPS StatusBar: Disconnected,Tue Jan 22 12:45:52 2019
MIPS StatusBar: GVER :Timeout,Tue Jan 22 12:45:52 2019
MIPS StatusBar: GNAME :Timeout,Tue Jan 22 12:45:52 2019
MIPS StatusBar: ECHO,FALSE :Timeout,Tue Jan 22 12:45:54 2019
MIPS StatusBar: GVER :Timeout,Tue Jan 22 12:45:57 2019
MIPS StatusBar: ECHO,FALSE :Timeout,Tue Jan 22 12:46:03 2019
MIPS StatusBar: GVER :Timeout,Tue Jan 22 12:46:05 2019
MIPS StatusBar: Disconnected,Tue Jan 22 12:46:17 2019
MIPS closing: MIPS, Version 1.43 Jan 19, 2019,Tue Jan 22 12:46:20 2019
MIPS loaded: MIPS, Version 1.43 Jan 19, 2019,Tue Jan 22 12:46:24 2019
Control panel loaded: /Users/GAA/GAACE/Products/MIPS/MIPSapp/MIPS/Example.cfg,Tue Jan 22 12:46:25 2019
CP StatusBar: Server started!,Tue Jan 22 12:46:25 2019
Control panel unloading,Tue Jan 22 12:46:29 2019
MIPS StatusBar: Connected to usbmodem14211101 : 9600, 8, None, 1, None,Tue Jan 22 12:46:34 2019
MIPS StatusBar: GNAME :Timeout,Tue Jan 22 12:46:36 2019
MIPS StatusBar: ECHO,FALSE :Timeout,Tue Jan 22 12:46:39 2019
MIPS StatusBar: GVER :Timeout,Tue Jan 22 12:46:41 2019
MIPS StatusBar: Disconnected,Tue Jan 22 12:48:20 2019
MIPS closing: MIPS, Version 1.43 Jan 19, 2019,Tue Jan 22 12:48:24 2019
MIPS loaded: MIPS, Version 1.43 Jan 19, 2019,Tue Jan 22 12:48:32 2019
Control panel loaded: /Users/GAA/GAACE/Products/MIPS/MIPSapp/MIPS/Example.cfg,Tue Jan 22 12:48:33 2019
CP StatusBar: Server started!,Tue Jan 22 12:48:33 2019
Control panel unloading,Tue Jan 22 12:48:37 2019
MIPS StatusBar: Connected to usbmodem14211101 : 9600, 8, None, 1, None,Tue Jan 22 12:48:43 2019
MIPS closing: MIPS, Version 1.43 Jan 19, 2019,Tue Jan 22 12:49:00 2019
MIPS loaded: MIPS, Version 1.43 Jan 19, 2019,Tue Jan 22 12:56:05 2019
Control panel loaded: /Users/GAA/GAACE/Products/MIPS/MIPSapp/MIPS/Example.cfg,Tue Jan 22 12:56:06 2019
CP StatusBar: Server started!,Tue Jan 22 12:56:06 2019
Control panel unloading,Tue Jan 22 12:56:10 2019
MIPS StatusBar: Connected to usbmodem14211101 : 9600, 8, None, 1, None,Tue Jan 22 12:56:16 2019
Tab selected, DCbias,Tue Jan 22 12:56:21 2019
Tab selected, Terminal,Tue Jan 22 12:56:31 2019
Tab selected, DCbias,Tue Jan 22 12:56:32 2019
Tab selected, Terminal,Tue Jan 22 12:56:34 2019
Tab selected, DCbias,Tue Jan 22 12:56:36 2019
Tab selected, Terminal,Tue Jan 22 12:56:37 2019
Tab selected, DCbias,Tue Jan 22 12:56:39 2019
Tab selected, Terminal,Tue Jan 22 12:56:44 2019
MIPS StatusBar: GDCBV,2 :Timeout,Tue Jan 22 12:56:45 2019
Tab selected, DCbias,Tue Jan 22 12:56:48 2019
Tab selected, Terminal,Tue Jan 22 12:56:50 2019
Tab selected, DCbias,Tue Jan 22 12:56:52 2019
Tab selected, Terminal,Tue Jan 22 12:56:55 2019
Tab selected, DCbias,Tue Jan 22 12:56:57 2019
Tab selected, Terminal,Tue Jan 22 12:56:58 2019
Tab selected, DCbias,Tue Jan 22 12:57:00 2019
MIPS StatusBar: Disconnected!,Tue Jan 22 12:57:04 2019
MIPS StatusBar: GDCMIN,1 :Timeout,Tue Jan 22 12:57:05 2019
Tab selected, Terminal,Tue Jan 22 12:57:08 2019
MIPS closing: MIPS, Version 1.43 Jan 19, 2019,Tue Jan 22 12:57:11 2019
MIPS loaded: MIPS, Version 1.43 Jan 19, 2019,Tue Jan 22 12:57:53 2019
Control panel loaded: /Users/GAA/GAACE/Products/MIPS/MIPSapp/MIPS/Example.cfg,Tue Jan 22 12:57:54 2019
CP StatusBar: Server started!,Tue Jan 22 12:57:54 2019
Control panel unloading,Tue Jan 22 12:57:58 2019
MIPS StatusBar: Connected to usbmodem14211101 : 9600, 8, None, 1, None,Tue Jan 22 12:58:05 2019
MIPS StatusBar: Disconnected,Tue Jan 22 12:58:15 2019
MIPS StatusBar: Disconnected!,Tue Jan 22 12:58:20 2019
MIPS StatusBar: Connected to usbmodem14211101 : 9600, 8, None, 1, None,Tue Jan 22 12:58:24 2019
MIPS loaded: MIPS, Version 1.43 Jan 19, 2019,Tue Jan 22 13:12:32 2019
Control panel loaded: /Users/GAA/GAACE/Products/MIPS/MIPSapp/MIPS/Example.cfg,Tue Jan 22 13:12:33 2019
CP StatusBar: Server started!,Tue Jan 22 13:12:33 2019
Control panel unloading,Tue Jan 22 13:12:38 2019
MIPS closing: MIPS, Version 1.43 Jan 19, 2019,Tue Jan 22 13:12:39 2019
MIPS loaded: MIPS, Version 1.43 Jan 19, 2019,Tue Jan 22 13:22:16 2019
Control panel loaded: /Users/GAA/GAACE/Products/MIPS/MIPSapp/MIPS/Example.cfg,Tue Jan 22 13:22:17 2019
CP StatusBar: Server started!,Tue Jan 22 13:22:17 2019
Control panel unloading,Tue Jan 22 13:22:22 2019
MIPS closing: MIPS, Version 1.43 Jan 19, 2019,Tue Jan 22 13:22:23 2019
MIPS loaded: MIPS, Version 1.43 Jan 19, 2019,Tue Jan 22 13:29:24 2019
Control panel loaded: /Users/GAA/GAACE/Products/MIPS/MIPSapp/MIPS/Example.cfg,Tue Jan 22 13:29:25 2019
CP StatusBar: Server started!,Tue Jan 22 13:29:25 2019
Control panel unloading,Tue Jan 22 13:29:29 2019
MIPS closing: MIPS, Version 1.43 Jan 19, 2019,Tue Jan 22 13:29:30 2019
MIPS loaded: MIPS, Version 1.43 Jan 19, 2019,Tue Jan 22 13:32:29 2019
Control panel loaded: /Users/GAA/GAACE/Products/MIPS/MIPSapp/MIPS/Example.cfg,Tue Jan 22 13:32:29 2019
CP StatusBar: Server started!,Tue Jan 22 13:32:29 2019
Control panel unloading,Tue Jan 22 13:32:34 2019
MIPS closing: MIPS, Version 1.43 Jan 19, 2019,Tue Jan 22 13:32:36 2019
MIPS loaded: MIPS, Version 1.43 Jan 19, 2019,Tue Jan 22 13:35:30 2019
Control panel loaded: /Users/GAA/GAACE/Products/MIPS/MIPSapp/MIPS/Example.cfg,Tue Jan 22 13:35:31 2019
CP StatusBar: Server started!,Tue Jan 22 13:35:31 2019
Control panel unloading,Tue Jan 22 13:35:36 2019
MIPS StatusBar: Connected to usbmodem14211101 : 9600, 8, None, 1, None,Tue Jan 22 13:36:30 2019
MIPS StatusBar: GNAME :Timeout,Tue Jan 22 13:36:33 2019
MIPS StatusBar: ECHO,FALSE :Timeout,Tue Jan 22 13:36:35 2019
MIPS StatusBar: Disconnected,Tue Jan 22 13:36:37 2019
MIPS StatusBar: GVER :Timeout,Tue Jan 22 13:36:37 2019
MIPS StatusBar: ECHO,FALSE :Timeout,Tue Jan 22 13:36:41 2019
MIPS StatusBar: GVER :Timeout,Tue Jan 22 13:36:43 2019
MIPS closing: MIPS, Version 1.43 Jan 19, 2019,Tue Jan 22 13:36:48 2019
MIPS loaded: MIPS, Version 1.43 Jan 19, 2019,Tue Jan 22 13:44:50 2019
Control panel loaded: /Users/GAA/GAACE/Products/MIPS/MIPSapp/MIPS/Example.cfg,Tue Jan 22 13:44:51 2019
CP StatusBar: Server started!,Tue Jan 22 13:44:51 2019
Control panel unloading,Tue Jan 22 13:44:55 2019
MIPS StatusBar: Connected to usbmodem14211101 : 9600, 8, None, 1, None,Tue Jan 22 13:45:08 2019
Tab selected, DCbias,Tue Jan 22 13:45:11 2019
Tab selected, Terminal,Tue Jan 22 13:45:18 2019
Tab selected, DCbias,Tue Jan 22 13:45:19 2019
Tab selected, Terminal,Tue Jan 22 13:45:20 2019
Tab selected, DCbias,Tue Jan 22 13:45:21 2019
Tab selected, Terminal,Tue Jan 22 13:45:22 2019
Tab selected, DCbias,Tue Jan 22 13:45:22 2019
Tab selected, Terminal,Tue Jan 22 13:45:24 2019
Tab selected, DCbias,Tue Jan 22 13:45:24 2019
Tab selected, Terminal,Tue Jan 22 13:45:26 2019
Tab selected, DCbias,Tue Jan 22 13:45:31 2019
Tab selected, Terminal,Tue Jan 22 13:45:32 2019
Tab selected, DCbias,Tue Jan 22 13:45:33 2019
Tab selected, Terminal,Tue Jan 22 13:45:34 2019
Tab selected, DCbias,Tue Jan 22 13:45:36 2019
Tab selected, Terminal,Tue Jan 22 13:45:37 2019
Tab selected, DCbias,Tue Jan 22 13:45:39 2019
Tab selected, Terminal,Tue Jan 22 13:45:41 2019
MIPS closing: MIPS, Version 1.43 Jan 19, 2019,Tue Jan 22 13:45:42 2019
MIPS loaded: MIPS, Version 1.43 Jan 19, 2019,Tue Jan 22 13:50:13 2019
Control panel loaded: /Users/GAA/GAACE/Products/MIPS/MIPSapp/MIPS/Example.cfg,Tue Jan 22 13:50:14 2019
CP StatusBar: Server started!,Tue Jan 22 13:50:14 2019
Control panel unloading,Tue Jan 22 13:50:18 2019
MIPS StatusBar: Connected to usbmodem14211101 : 9600, 8, None, 1, None,Tue Jan 22 13:50:26 2019
MIPS StatusBar: Disconnected,Tue Jan 22 13:50:33 2019
MIPS closing: MIPS, Version 1.43 Jan 19, 2019,Tue Jan 22 13:50:34 2019
MIPS loaded: MIPS, Version 1.43 Jan 19, 2019,Tue Jan 22 13:51:06 2019
Control panel loaded: /Users/GAA/GAACE/Products/MIPS/MIPSapp/MIPS/Example.cfg,Tue Jan 22 13:51:07 2019
CP StatusBar: Server started!,Tue Jan 22 13:51:07 2019
Control panel unloading,Tue Jan 22 13:51:11 2019
MIPS StatusBar: Connected to usbmodem14211101 : 9600, 8, None, 1, None,Tue Jan 22 13:51:16 2019
MIPS StatusBar: GNAME :Timeout,Tue Jan 22 13:51:19 2019
MIPS StatusBar: ECHO,FALSE :Timeout,Tue Jan 22 13:51:21 2019
MIPS StatusBar: GVER :Timeout,Tue Jan 22 13:51:23 2019
MIPS StatusBar: Disconnected,Tue Jan 22 13:51:31 2019
MIPS closing: MIPS, Version 1.43 Jan 19, 2019,Tue Jan 22 13:51:33 2019
MIPS loaded: MIPS, Version 1.43 Jan 19, 2019,Tue Jan 22 14:00:53 2019
Control panel loaded: /Users/GAA/GAACE/Products/MIPS/MIPSapp/MIPS/Example.cfg,Tue Jan 22 14:00:54 2019
CP StatusBar: Server started!,Tue Jan 22 14:00:54 2019
Control panel unloading,Tue Jan 22 14:00:58 2019
MIPS StatusBar: Connected to usbmodem14211101 : 9600, 8, None, 1, None,Tue Jan 22 14:01:15 2019
Tab selected, DCbias,Tue Jan 22 14:01:21 2019
Tab selected, Terminal,Tue Jan 22 14:01:28 2019
Tab selected, DCbias,Tue Jan 22 14:01:30 2019
Tab selected, Terminal,Tue Jan 22 14:01:34 2019
MIPS StatusBar: GDCBV,3 :Timeout,Tue Jan 22 14:01:34 2019
Tab selected, DCbias,Tue Jan 22 14:01:36 2019
Tab selected, Terminal,Tue Jan 22 14:01:40 2019
Tab selected, DCbias,Tue Jan 22 14:01:42 2019
Tab selected, Terminal,Tue Jan 22 14:01:43 2019
Tab selected, DCbias,Tue Jan 22 14:01:44 2019
Tab selected, Terminal,Tue Jan 22 14:01:45 2019
Tab selected, DCbias,Tue Jan 22 14:01:46 2019
Tab selected, Terminal,Tue Jan 22 14:01:47 2019
Tab selected, DCbias,Tue Jan 22 14:01:48 2019
Tab selected, Terminal,Tue Jan 22 14:01:50 2019
Tab selected, Digital IO,Tue Jan 22 14:01:53 2019
MIPS StatusBar: Updating Digital IO controls...,Tue Jan 22 14:01:53 2019
Tab selected, Terminal,Tue Jan 22 14:01:53 2019
Tab selected, Digital IO,Tue Jan 22 14:01:54 2019
MIPS StatusBar: Updating Digital IO controls...,Tue Jan 22 14:01:54 2019
Tab selected, Terminal,Tue Jan 22 14:01:55 2019
Tab selected, Digital IO,Tue Jan 22 14:01:56 2019
MIPS StatusBar: Updating Digital IO controls...,Tue Jan 22 14:01:56 2019
Tab selected, Terminal,Tue Jan 22 14:01:59 2019
Tab selected, DCbias,Tue Jan 22 14:02:01 2019
Tab selected, Terminal,Tue Jan 22 14:02:03 2019
Tab selected, DCbias,Tue Jan 22 14:02:04 2019
Tab selected, Terminal,Tue Jan 22 14:02:05 2019
Tab selected, DCbias,Tue Jan 22 14:02:06 2019
Tab selected, Terminal,Tue Jan 22 14:02:07 2019
Tab selected, DCbias,Tue Jan 22 14:02:09 2019
Tab selected, Terminal,Tue Jan 22 14:02:13 2019
Tab selected, DCbias,Tue Jan 22 14:02:14 2019
Tab selected, Terminal,Tue Jan 22 14:02:15 2019
Tab selected, DCbias,Tue Jan 22 14:02:15 2019
Tab selected, Terminal,Tue Jan 22 14:02:16 2019
Tab selected, DCbias,Tue Jan 22 14:02:17 2019
Tab selected, Terminal,Tue Jan 22 14:02:19 2019
Tab selected, Digital IO,Tue Jan 22 14:02:19 2019
MIPS StatusBar: Updating Digital IO controls...,Tue Jan 22 14:02:19 2019
Tab selected, DCbias,Tue Jan 22 14:02:20 2019
Tab selected, RFdriver,Tue Jan 22 14:02:21 2019
MIPS StatusBar: Updating RF driver controls...,Tue Jan 22 14:02:21 2019
Tab selected, DCbias,Tue Jan 22 14:02:21 2019
Tab selected, Terminal,Tue Jan 22 14:02:24 2019
Tab selected, DCbias,Tue Jan 22 14:02:24 2019
Tab selected, Terminal,Tue Jan 22 14:02:25 2019
Tab selected, DCbias,Tue Jan 22 14:02:26 2019
Tab selected, Terminal,Tue Jan 22 14:02:28 2019
Tab selected, DCbias,Tue Jan 22 14:02:29 2019
Tab selected, Terminal,Tue Jan 22 14:02:31 2019
Tab selected, DCbias,Tue Jan 22 14:02:32 2019
Tab selected, Terminal,Tue Jan 22 14:02:41 2019
Tab selected, DCbias,Tue Jan 22 14:02:42 2019
Tab selected, ADC,Tue Jan 22 14:02:43 2019
Tab selected, Digital IO,Tue Jan 22 14:02:44 2019
MIPS StatusBar: Updating Digital IO controls...,Tue Jan 22 14:02:44 2019
Tab selected, DCbias,Tue Jan 22 14:02:45 2019
Tab selected, Terminal,Tue Jan 22 14:02:47 2019
Tab selected, RFdriver,Tue Jan 22 14:02:47 2019
MIPS StatusBar: Updating RF driver controls...,Tue Jan 22 14:02:47 2019
MIPS StatusBar: Disconnected!,Tue Jan 22 14:02:47 2019
Tab selected, Terminal,Tue Jan 22 14:02:47 2019
MIPS StatusBar: GDCBV,3 :Timeout,Tue Jan 22 14:02:47 2019
Tab selected, DCbias,Tue Jan 22 14:02:48 2019
MIPS closing: MIPS, Version 1.43 Jan 19, 2019,Tue Jan 22 14:03:05 2019
MIPS loaded: MIPS, Version 1.43 Jan 19, 2019,Tue Jan 22 14:03:59 2019
Control panel loaded: /Users/GAA/GAACE/Products/MIPS/MIPSapp/MIPS/Example.cfg,Tue Jan 22 14:04:00 2019
CP StatusBar: Server started!,Tue Jan 22 14:04:00 2019
Control panel unloading,Tue Jan 22 14:04:04 2019
MIPS StatusBar: Disconnected,Tue Jan 22 14:04:05 2019
MIPS StatusBar: Connected to usbmodem14211101 : 9600, 8, None, 1, None,Tue Jan 22 14:04:10 2019
Tab selected, Terminal,Tue Jan 22 14:04:21 2019
Tab selected, DCbias,Tue Jan 22 14:04:22 2019
Tab selected, Terminal,Tue Jan 22 14:04:27 2019
Tab selected, DCbias,Tue Jan 22 14:04:28 2019
Tab selected, Terminal,Tue Jan 22 14:04:29 2019
Tab selected, DCbias,Tue Jan 22 14:04:32 2019
MIPS closing: MIPS, Version 1.43 Jan 19, 2019,Tue Jan 22 14:04:33 2019
MIPS loaded: MIPS, Version 1.43 Jan 19, 2019,Tue Jan 22 14:14:51 2019
Control panel loaded: /Users/GAA/GAACE/Products/MIPS/MIPSapp/MIPS/Example.cfg,Tue Jan 22 14:14:52 2019
CP StatusBar: Server started!,Tue Jan 22 14:14:52 2019
Control panel unloading,Tue Jan 22 14:15:00 2019
MIPS StatusBar: Connected to usbmodem14211101 : 9600, 8, None, 1, None,Tue Jan 22 14:15:08 2019
Tab selected, DCbias,Tue Jan 22 14:15:28 2019
Tab selected, Terminal,Tue Jan 22 14:15:37 2019
Tab selected, DCbias,Tue Jan 22 14:15:38 2019
Tab selected, Terminal,Tue Jan 22 14:15:39 2019
Tab selected, DCbias,Tue Jan 22 14:15:40 2019
Tab selected, Terminal,Tue Jan 22 14:15:41 2019
Tab selected, Digital IO,Tue Jan 22 14:15:41 2019
MIPS StatusBar: Updating Digital IO controls...,Tue Jan 22 14:15:41 2019
Tab selected, DCbias,Tue Jan 22 14:15:42 2019
Tab selected, RFdriver,Tue Jan 22 14:15:42 2019
MIPS StatusBar: Updating RF driver controls...,Tue Jan 22 14:15:42 2019
Tab selected, DCbias,Tue Jan 22 14:15:43 2019
Tab selected, Terminal,Tue Jan 22 14:15:46 2019
Tab selected, System,Tue Jan 22 14:15:48 2019
MIPS StatusBar: Disconnected,Tue Jan 22 14:15:49 2019
MIPS closing: MIPS, Version 1.43 Jan 19, 2019,Tue Jan 22 14:15:51 2019
MIPS loaded: MIPS, Version 1.43 Jan 19, 2019,Tue Jan 22 14:19:34 2019
Control panel loaded: /Users/GAA/GAACE/Products/MIPS/MIPSapp/MIPS/Example.cfg,Tue Jan 22 14:19:35 2019
CP StatusBar: Server started!,Tue Jan 22 14:19:35 2019
Control panel unloading,Tue Jan 22 14:19:40 2019
MIPS StatusBar: Connected to usbmodem14211101 : 9600, 8, None, 1, None,Tue Jan 22 14:19:48 2019
MIPS StatusBar: GNAME :Timeout,Tue Jan 22 14:19:51 2019
MIPS StatusBar: GVER :Timeout,Tue Jan 22 14:19:53 2019
MIPS closing: MIPS, Version 1.43 Jan 19, 2019,Tue Jan 22 14:20:00 2019
MIPS loaded: MIPS, Version 1.43 Jan 19, 2019,Tue Jan 22 14:25:17 2019
Control panel loaded: /Users/GAA/GAACE/Products/MIPS/MIPSapp/MIPS/Example.cfg,Tue Jan 22 14:25:18 2019
CP StatusBar: Server started!,Tue Jan 22 14:25:18 2019
Control panel unloading,Tue Jan 22 14:26:28 2019
MIPS StatusBar: Connected to usbmodem14211101 : 9600, 8, None, 1, None,Tue Jan 22 14:26:33 2019
MIPS StatusBar: GNAME :Timeout,Tue Jan 22 14:26:36 2019
MIPS StatusBar: GVER :Timeout,Tue Jan 22 14:26:38 2019
Tab selected, Terminal,Tue Jan 22 14:26:41 2019
Tab selected, DCbias,Tue Jan 22 14:26:48 2019
MIPS StatusBar: GDCPWR :Timeout,Tue Jan 22 14:26:51 2019
MIPS StatusBar: GDCB,1 :Timeout,Tue Jan 22 14:26:53 2019
MIPS StatusBar: GDCB,2 :Timeout,Tue Jan 22 14:26:55 2019
MIPS StatusBar: GDCB,3 :Timeout,Tue Jan 22 14:26:57 2019
MIPS loaded: MIPS, Version 1.43 Jan 19, 2019,Tue Jan 22 14:30:36 2019
Control panel loaded: /Users/GAA/GAACE/Products/MIPS/MIPSapp/MIPS/Example.cfg,Tue Jan 22 14:30:37 2019
CP StatusBar: Server started!,Tue Jan 22 14:30:37 2019
Control panel unloading,Tue Jan 22 14:31:26 2019
MIPS StatusBar: Connected to usbmodem14211101 : 9600, 8, None, 1, None,Tue Jan 22 14:31:32 2019
Tab selected, DCbias,Tue Jan 22 14:31:33 2019
Tab selected, Terminal,Tue Jan 22 14:38:42 2019
Tab selected, DCbias,Tue Jan 22 14:38:43 2019
MIPS StatusBar: Disconnected!,Tue Jan 22 14:38:46 2019
MIPS StatusBar: GDCBV,2 :Timeout,Tue Jan 22 14:38:46 2019
Tab selected, RFdriver,Tue Jan 22 14:38:53 2019
MIPS StatusBar: Updating RF driver controls...,Tue Jan 22 14:38:53 2019
Tab selected, Digital IO,Tue Jan 22 14:38:54 2019
MIPS StatusBar: Updating Digital IO controls...,Tue Jan 22 14:38:54 2019
Tab selected, Terminal,Tue Jan 22 14:38:55 2019
Tab selected, DCbias,Tue Jan 22 14:38:56 2019
Tab selected, Terminal,Tue Jan 22 14:38:59 2019
Tab selected, DCbias,Tue Jan 22 14:39:00 2019
MIPS StatusBar: Disconnected!,Tue Jan 22 14:39:04 2019
MIPS StatusBar: GDCMIN,1 :Timeout,Tue Jan 22 14:39:04 2019
MIPS closing: MIPS, Version 1.43 Jan 19, 2019,Tue Jan 22 14:39:09 2019
MIPS loaded: MIPS, Version 1.43 Jan 19, 2019,Tue Jan 22 14:45:41 2019
Control panel loaded: /Users/GAA/GAACE/Products/MIPS/MIPSapp/MIPS/Example.cfg,Tue Jan 22 14:45:42 2019
CP StatusBar: Server started!,Tue Jan 22 14:45:42 2019
Control panel unloading,Tue Jan 22 14:45:46 2019
MIPS StatusBar: Connected to usbmodem14211101 : 9600, 8, None, 1, None,Tue Jan 22 14:45:50 2019
Tab selected, DCbias,Tue Jan 22 14:45:53 2019
Tab selected, Terminal,Tue Jan 22 14:45:59 2019
Tab selected, DCbias,Tue Jan 22 14:46:01 2019
Tab selected, Terminal,Tue Jan 22 14:46:02 2019
Tab selected, DCbias,Tue Jan 22 14:46:04 2019
Tab selected, Terminal,Tue Jan 22 14:46:05 2019
Tab selected, DCbias,Tue Jan 22 14:46:07 2019
Tab selected, Terminal,Tue Jan 22 14:46:08 2019
Tab selected, DCbias,Tue Jan 22 14:46:09 2019
Tab selected, Terminal,Tue Jan 22 14:46:10 2019
Tab selected, DCbias,Tue Jan 22 14:46:12 2019
Tab selected, Terminal,Tue Jan 22 14:46:13 2019
MIPS StatusBar: GDCBV,8 :Timeout,Tue Jan 22 14:46:15 2019
Tab selected, DCbias,Tue Jan 22 14:46:24 2019
Tab selected, Terminal,Tue Jan 22 14:46:34 2019
Tab selected, DCbias,Tue Jan 22 14:46:35 2019
Tab selected, Digital IO,Tue Jan 22 14:46:36 2019
MIPS StatusBar: Updating Digital IO controls...,Tue Jan 22 14:46:36 2019
Tab selected, Terminal,Tue Jan 22 14:46:41 2019
Tab selected, DCbias,Tue Jan 22 14:46:46 2019
MIPS StatusBar: Disconnected!,Tue Jan 22 14:46:48 2019
MIPS StatusBar: GDCB,7 :Timeout,Tue Jan 22 14:46:48 2019
Tab selected, Digital IO,Tue Jan 22 14:47:29 2019
MIPS StatusBar: Updating Digital IO controls...,Tue Jan 22 14:47:29 2019
Tab selected, DCbias,Tue Jan 22 14:47:29 2019
Tab selected, RFdriver,Tue Jan 22 14:47:29 2019
MIPS StatusBar: Updating RF driver controls...,Tue Jan 22 14:47:29 2019
MIPS StatusBar: Updating RF driver controls...,Tue Jan 22 14:47:30 2019
Tab selected, Terminal,Tue Jan 22 14:47:31 2019
Tab selected, DCbias,Tue Jan 22 14:47:33 2019
Tab selected, Terminal,Tue Jan 22 14:48:37 2019
Tab selected, Digital IO,Tue Jan 22 14:48:40 2019
MIPS StatusBar: Updating Digital IO controls...,Tue Jan 22 14:48:40 2019
Tab selected, ADC,Tue Jan 22 14:48:41 2019
Tab selected, Terminal,Tue Jan 22 14:48:41 2019
Tab selected, System,Tue Jan 22 14:48:41 2019
Tab selected, Terminal,Tue Jan 22 14:48:41 2019
Tab selected, ADC,Tue Jan 22 14:48:41 2019
Tab selected, Terminal,Tue Jan 22 14:48:41 2019
Tab selected, System,Tue Jan 22 14:48:41 2019
MIPS closing: MIPS, Version 1.43 Jan 19, 2019,Tue Jan 22 14:48:42 2019
MIPS loaded: MIPS, Version 1.43 Jan 19, 2019,Tue Jan 22 14:56:45 2019
Control panel loaded: /Users/GAA/GAACE/Products/MIPS/MIPSapp/MIPS/Example.cfg,Tue Jan 22 14:56:46 2019
CP StatusBar: Server started!,Tue Jan 22 14:56:46 2019
Control panel unloading,Tue Jan 22 14:56:50 2019
MIPS StatusBar: Connected to usbmodem14211101 : 9600, 8, None, 1, None,Tue Jan 22 14:56:57 2019
Tab selected, DCbias,Tue Jan 22 14:57:00 2019
Tab selected, RFdriver,Tue Jan 22 14:57:04 2019
MIPS StatusBar: Updating RF driver controls...,Tue Jan 22 14:57:04 2019
Tab selected, DCbias,Tue Jan 22 14:57:05 2019
Tab selected, RFdriver,Tue Jan 22 14:57:06 2019
MIPS StatusBar: Updating RF driver controls...,Tue Jan 22 14:57:06 2019
Tab selected, DCbias,Tue Jan 22 14:57:07 2019
Tab selected, RFdriver,Tue Jan 22 14:57:09 2019
MIPS StatusBar: Updating RF driver controls...,Tue Jan 22 14:57:09 2019
Tab selected, DCbias,Tue Jan 22 14:57:10 2019
Tab selected, RFdriver,Tue Jan 22 14:57:10 2019
MIPS StatusBar: Updating RF driver controls...,Tue Jan 22 14:57:10 2019
Tab selected, DCbias,Tue Jan 22 14:57:11 2019
Tab selected, Digital IO,Tue Jan 22 14:57:12 2019
MIPS StatusBar: Updating Digital IO controls...,Tue Jan 22 14:57:12 2019
Tab selected, DCbias,Tue Jan 22 14:57:13 2019
Tab selected, Digital IO,Tue Jan 22 14:57:19 2019
MIPS StatusBar: Updating Digital IO controls...,Tue Jan 22 14:57:19 2019
Tab selected, DCbias,Tue Jan 22 14:57:19 2019
Tab selected, RFdriver,Tue Jan 22 14:57:20 2019
MIPS StatusBar: Updating RF driver controls...,Tue Jan 22 14:57:20 2019
Tab selected, DCbias,Tue Jan 22 14:57:20 2019
Tab selected, Digital IO,Tue Jan 22 14:57:21 2019
MIPS StatusBar: Updating Digital IO controls...,Tue Jan 22 14:57:21 2019
Tab selected, DCbias,Tue Jan 22 14:57:22 2019
Tab selected, Digital IO,Tue Jan 22 14:57:33 2019
MIPS StatusBar: Updating Digital IO controls...,Tue Jan 22 14:57:33 2019
Tab selected, DCbias,Tue Jan 22 14:57:34 2019
Tab selected, RFdriver,Tue Jan 22 14:57:34 2019
MIPS StatusBar: Updating RF driver controls...,Tue Jan 22 14:57:34 2019
Tab selected, DCbias,Tue Jan 22 14:57:35 2019
Tab selected, Digital IO,Tue Jan 22 14:57:36 2019
MIPS StatusBar: Updating Digital IO controls...,Tue Jan 22 14:57:36 2019
Tab selected, DCbias,Tue Jan 22 14:57:36 2019
Tab selected, RFdriver,Tue Jan 22 14:57:37 2019
MIPS StatusBar: Updating RF driver controls...,Tue Jan 22 14:57:37 2019
Tab selected, DCbias,Tue Jan 22 14:57:37 2019
Tab selected, Digital IO,Tue Jan 22 14:57:38 2019
MIPS StatusBar: Updating Digital IO controls...,Tue Jan 22 14:57:38 2019
Tab selected, DCbias,Tue Jan 22 14:57:38 2019
Tab selected, RFdriver,Tue Jan 22 14:57:39 2019
MIPS StatusBar: Updating RF driver controls...,Tue Jan 22 14:57:39 2019
Tab selected, DCbias,Tue Jan 22 14:57:43 2019
Tab selected, Digital IO,Tue Jan 22 14:57:45 2019
MIPS StatusBar: Updating Digital IO controls...,Tue Jan 22 14:57:45 2019
Tab selected, DCbias,Tue Jan 22 14:57:45 2019
Tab selected, RFdriver,Tue Jan 22 14:57:46 2019
MIPS StatusBar: Updating RF driver controls...,Tue Jan 22 14:57:46 2019
Tab selected, DCbias,Tue Jan 22 14:57:47 2019
Tab selected, Digital IO,Tue Jan 22 14:57:47 2019
MIPS StatusBar: Updating Digital IO controls...,Tue Jan 22 14:57:47 2019
Tab selected, DCbias,Tue Jan 22 14:57:48 2019
Tab selected, RFdriver,Tue Jan 22 14:57:48 2019
MIPS StatusBar: Updating RF driver controls...,Tue Jan 22 14:57:48 2019
Tab selected, DCbias,Tue Jan 22 14:57:49 2019
Tab selected, Digital IO,Tue Jan 22 14:58:12 2019
MIPS StatusBar: Updating Digital IO controls...,Tue Jan 22 14:58:12 2019
Tab selected, DCbias,Tue Jan 22 14:58:13 2019
Tab selected, Digital IO,Tue Jan 22 14:58:14 2019
MIPS StatusBar: Updating Digital IO controls...,Tue Jan 22 14:58:14 2019
Tab selected, DCbias,Tue Jan 22 14:58:14 2019
Tab selected, RFdriver,Tue Jan 22 14:58:15 2019
MIPS StatusBar: Updating RF driver controls...,Tue Jan 22 14:58:15 2019
Tab selected, DCbias,Tue Jan 22 14:58:15 2019
Tab selected, Digital IO,Tue Jan 22 14:58:16 2019
MIPS StatusBar: Updating Digital IO controls...,Tue Jan 22 14:58:16 2019
Tab selected, DCbias,Tue Jan 22 14:58:16 2019
Tab selected, RFdriver,Tue Jan 22 14:58:17 2019
MIPS StatusBar: Updating RF driver controls...,Tue Jan 22 14:58:17 2019
Tab selected, DCbias,Tue Jan 22 14:58:17 2019
Tab selected, Digital IO,Tue Jan 22 14:58:18 2019
MIPS StatusBar: Updating Digital IO controls...,Tue Jan 22 14:58:18 2019
Tab selected, DCbias,Tue Jan 22 14:58:27 2019
MIPS loaded: MIPS, Version 1.43 Jan 19, 2019,Tue Jan 22 15:00:47 2019
Control panel loaded: /Users/GAA/GAACE/Products/MIPS/MIPSapp/MIPS/Example.cfg,Tue Jan 22 15:00:48 2019
CP StatusBar: Server started!,Tue Jan 22 15:00:48 2019
Control panel unloading,Tue Jan 22 15:00:53 2019
MIPS closing: MIPS, Version 1.43 Jan 19, 2019,Tue Jan 22 15:00:55 2019
MIPS closing: MIPS, Version 1.43 Jan 19, 2019,Tue Jan 22 15:00:57 2019
MIPS loaded: MIPS, Version 1.43 Jan 19, 2019,Tue Jan 22 15:01:00 2019
Control panel loaded: /Users/GAA/GAACE/Products/MIPS/MIPSapp/MIPS/Example.cfg,Tue Jan 22 15:01:01 2019
CP StatusBar: Server started!,Tue Jan 22 15:01:01 2019
Control panel unloading,Tue Jan 22 15:01:06 2019
MIPS StatusBar: Connected to usbmodem14211101 : 9600, 8, None, 1, None,Tue Jan 22 15:01:11 2019
Tab selected, DCbias,Tue Jan 22 15:01:16 2019
Tab selected, Digital IO,Tue Jan 22 15:05:01 2019
MIPS StatusBar: Updating Digital IO controls...,Tue Jan 22 15:05:01 2019
Tab selected, DCbias,Tue Jan 22 15:05:01 2019
Tab selected, RFdriver,Tue Jan 22 15:05:02 2019
MIPS StatusBar: Updating RF driver controls...,Tue Jan 22 15:05:02 2019
Tab selected, DCbias,Tue Jan 22 15:05:03 2019
Tab selected, Digital IO,Tue Jan 22 15:05:03 2019
MIPS StatusBar: Updating Digital IO controls...,Tue Jan 22 15:05:03 2019
Tab selected, DCbias,Tue Jan 22 15:05:04 2019
Tab selected, RFdriver,Tue Jan 22 15:05:04 2019
MIPS StatusBar: Updating RF driver controls...,Tue Jan 22 15:05:04 2019
Tab selected, DCbias,Tue Jan 22 15:05:05 2019
Tab selected, Digital IO,Tue Jan 22 15:05:05 2019
MIPS StatusBar: Updating Digital IO controls...,Tue Jan 22 15:05:05 2019
Tab selected, DCbias,Tue Jan 22 15:05:06 2019
Tab selected, Digital IO,Tue Jan 22 15:05:07 2019
MIPS StatusBar: Updating Digital IO controls...,Tue Jan 22 15:05:07 2019
Tab selected, DCbias,Tue Jan 22 15:05:08 2019
Tab selected, RFdriver,Tue Jan 22 15:05:08 2019
MIPS StatusBar: Updating RF driver controls...,Tue Jan 22 15:05:08 2019
Tab selected, DCbias,Tue Jan 22 15:05:09 2019
Tab selected, Terminal,Tue Jan 22 15:05:10 2019
MIPS StatusBar: GDCB,2 :Timeout,Tue Jan 22 15:05:11 2019
MIPS StatusBar: GDCBV,7 :Timeout,Tue Jan 22 15:05:12 2019
Tab selected, Digital IO,Tue Jan 22 15:05:16 2019
MIPS StatusBar: Updating Digital IO controls...,Tue Jan 22 15:05:16 2019
Tab selected, DCbias,Tue Jan 22 15:05:18 2019
Tab selected, Digital IO,Tue Jan 22 15:05:30 2019
MIPS StatusBar: Updating Digital IO controls...,Tue Jan 22 15:05:30 2019
Tab selected, RFdriver,Tue Jan 22 15:05:31 2019
MIPS StatusBar: Updating RF driver controls...,Tue Jan 22 15:05:31 2019
Tab selected, DCbias,Tue Jan 22 15:05:32 2019
MIPS closing: MIPS, Version 1.43 Jan 19, 2019,Tue Jan 22 15:05:33 2019
MIPS loaded: MIPS, Version 1.43 Jan 19, 2019,Tue Jan 22 15:07:04 2019
Control panel loaded: /Users/GAA/GAACE/Products/MIPS/MIPSapp/MIPS/Example.cfg,Tue Jan 22 15:07:05 2019
CP StatusBar: Server started!,Tue Jan 22 15:07:05 2019
Control panel unloading,Tue Jan 22 15:07:10 2019
MIPS closing: MIPS, Version 1.43 Jan 19, 2019,Tue Jan 22 15:07:11 2019
MIPS loaded: MIPS, Version 1.44 Jan 22, 2019,Tue Jan 22 15:08:44 2019
Control panel loaded: /Users/GAA/GAACE/Products/MIPS/MIPSapp/MIPS/Example.cfg,Tue Jan 22 15:08:45 2019
CP StatusBar: Server started!,Tue Jan 22 15:08:45 2019
Control panel unloading,Tue Jan 22 15:09:05 2019
MIPS StatusBar: Connected to usbmodem14211101 : 115200, 8, None, 1, None,Tue Jan 22 15:09:28 2019
Tab selected, DCbias,Tue Jan 22 15:09:34 2019
Tab selected, Terminal,Tue Jan 22 15:09:42 2019
Tab selected, DCbias,Tue Jan 22 15:09:47 2019
Tab selected, System,Tue Jan 22 15:43:07 2019
MIPS StatusBar: Disconnected,Tue Jan 22 15:43:09 2019
MIPS closing: MIPS, Version 1.44 Jan 22, 2019,Tue Jan 22 15:43:10 2019
MIPS loaded: MIPS, Version 1.44 Jan 22, 2019,Tue Jan 22 16:20:46 2019
Control panel loaded: /Users/GAA/GAACE/Products/MIPS/MIPSapp/MIPS/Example.cfg,Tue Jan 22 16:20:47 2019
CP StatusBar: Server started!,Tue Jan 22 16:20:47 2019
Control panel unloading,Tue Jan 22 16:20:58 2019
MIPS StatusBar: Connected to usbmodem14211101 : 9600, 8, None, 1, None,Tue Jan 22 16:23:19 2019
Tab selected, Terminal,Tue Jan 22 16:23:21 2019
Tab selected, Pulse Sequence Generation,Tue Jan 22 16:24:52 2019
MIPS StatusBar: Updating Pulse Sequence Generation controls...,Tue Jan 22 16:24:52 2019
MIPS StatusBar: TBLTRIG,Tue Jan 22 16:24:54 2019
MIPS StatusBar: TBLTRIG ,Tue Jan 22 16:24:54 2019
MIPS StatusBar: TBLTRIG  TBLCMPLT,Tue Jan 22 16:24:54 2019
MIPS StatusBar: TBLTRIG,Tue Jan 22 16:25:01 2019
MIPS StatusBar: TBLTRIG ,Tue Jan 22 16:25:01 2019
MIPS StatusBar: TBLTRIG  TBLCMPLT,Tue Jan 22 16:25:01 2019
MIPS StatusBar: TBLTRIG,Tue Jan 22 16:25:11 2019
MIPS StatusBar: TBLTRIG ,Tue Jan 22 16:25:11 2019
MIPS StatusBar: TBLTRIG  TBLCMPLT,Tue Jan 22 16:25:11 2019
MIPS StatusBar: TBLTRIG,Tue Jan 22 16:25:23 2019
MIPS StatusBar: TBLTRIG ,Tue Jan 22 16:25:23 2019
MIPS StatusBar: TBLTRIG  TBLCMPLT,Tue Jan 22 16:25:23 2019
MIPS StatusBar: TBLTRIG,Tue Jan 22 16:25:29 2019
MIPS StatusBar: TBLTRIG ,Tue Jan 22 16:25:29 2019
MIPS StatusBar: TBLTRIG  TBLCMPLT,Tue Jan 22 16:25:29 2019
MIPS StatusBar: TBLTRIG,Tue Jan 22 16:25:31 2019
MIPS StatusBar: TBLTRIG ,Tue Jan 22 16:25:31 2019
MIPS StatusBar: TBLTRIG  TBLCMPLT,Tue Jan 22 16:25:31 2019
MIPS StatusBar: TBLTRIG,Tue Jan 22 16:25:32 2019
MIPS StatusBar: TBLTRIG ,Tue Jan 22 16:25:32 2019
MIPS StatusBar: TBLTRIG  TBLCMPLT,Tue Jan 22 16:25:32 2019
MIPS StatusBar: TBLTRIG,Tue Jan 22 16:25:34 2019
MIPS StatusBar: TBLTRIG ,Tue Jan 22 16:25:34 2019
MIPS StatusBar: TBLTRIG  TBLCMPLT,Tue Jan 22 16:25:34 2019
MIPS StatusBar: TBLTRIG,Tue Jan 22 16:25:36 2019
MIPS StatusBar: TBLTRIG ,Tue Jan 22 16:25:36 2019
MIPS StatusBar: TBLTRIG  TBLCMPLT,Tue Jan 22 16:25:36 2019
MIPS StatusBar: TBLTRIG,Tue Jan 22 16:25:39 2019
MIPS StatusBar: TBLTRIG ,Tue Jan 22 16:25:39 2019
MIPS StatusBar: TBLTRIG  TBLCMPLT,Tue Jan 22 16:25:39 2019
MIPS StatusBar: TBLTRIG,Tue Jan 22 16:25:40 2019
MIPS StatusBar: TBLTRIG ,Tue Jan 22 16:25:40 2019
MIPS StatusBar: TBLTRIG  TBLCMPLT,Tue Jan 22 16:25:40 2019
MIPS StatusBar: TBLTRIG,Tue Jan 22 16:25:41 2019
MIPS StatusBar: TBLTRIG ,Tue Jan 22 16:25:41 2019
MIPS StatusBar: TBLTRIG  TBLCMPLT,Tue Jan 22 16:25:41 2019
MIPS StatusBar: TBLTRIG,Tue Jan 22 16:25:44 2019
MIPS StatusBar: TBLTRIG ,Tue Jan 22 16:25:44 2019
MIPS StatusBar: TBLTRIG  TBLCMPLT,Tue Jan 22 16:25:44 2019
MIPS StatusBar: TBLTRIG,Tue Jan 22 16:25:55 2019
MIPS StatusBar: TBLTRIG ,Tue Jan 22 16:25:55 2019
MIPS StatusBar: TBLTRIG  TBLCMPLT,Tue Jan 22 16:25:55 2019
MIPS StatusBar: TBLTRIG,Tue Jan 22 16:26:07 2019
MIPS StatusBar: TBLTRIG ,Tue Jan 22 16:26:07 2019
MIPS StatusBar: TBLTRIG  TBLCMPLT,Tue Jan 22 16:26:07 2019
MIPS StatusBar: TBLTRIG,Tue Jan 22 16:26:11 2019
MIPS StatusBar: TBLTRIG ,Tue Jan 22 16:26:11 2019
MIPS StatusBar: TBLTRIG  TBLCMPLT,Tue Jan 22 16:26:11 2019
MIPS StatusBar: TBLTRIG,Tue Jan 22 16:26:23 2019
MIPS StatusBar: TBLTRIG ,Tue Jan 22 16:26:23 2019
MIPS StatusBar: TBLTRIG  TBLCMPLT,Tue Jan 22 16:26:23 2019
MIPS StatusBar: TBLTRIG,Tue Jan 22 16:27:11 2019
MIPS StatusBar: TBLTRIG ,Tue Jan 22 16:27:11 2019
MIPS StatusBar: TBLTRIG  TBLCMPLT,Tue Jan 22 16:27:11 2019
MIPS StatusBar: TBLTRIG,Tue Jan 22 16:27:14 2019
MIPS StatusBar: TBLTRIG ,Tue Jan 22 16:27:14 2019
MIPS StatusBar: TBLTRIG  TBLCMPLT,Tue Jan 22 16:27:14 2019
MIPS StatusBar: TBLTRIG,Tue Jan 22 16:27:48 2019
MIPS StatusBar: TBLTRIG ,Tue Jan 22 16:27:48 2019
MIPS StatusBar: TBLTRIG  TBLCMPLT,Tue Jan 22 16:27:48 2019
MIPS StatusBar: TBLTRIG,Tue Jan 22 16:27:50 2019
MIPS StatusBar: TBLTRIG ,Tue Jan 22 16:27:50 2019
MIPS StatusBar: TBLTRIG  TBLCMPLT,Tue Jan 22 16:27:50 2019
MIPS StatusBar: TBLTRIG,Tue Jan 22 16:27:53 2019
MIPS StatusBar: TBLTRIG ,Tue Jan 22 16:27:53 2019
MIPS StatusBar: TBLTRIG  TBLCMPLT,Tue Jan 22 16:27:53 2019
MIPS StatusBar: TBLTRIG,Tue Jan 22 16:27:54 2019
MIPS StatusBar: TBLTRIG ,Tue Jan 22 16:27:54 2019
MIPS StatusBar: TBLTRIG  TBLCMPLT,Tue Jan 22 16:27:54 2019
MIPS StatusBar: TBLTRIG,Tue Jan 22 16:27:56 2019
MIPS StatusBar: TBLTRIG ,Tue Jan 22 16:27:56 2019
MIPS StatusBar: TBLTRIG  TBLCMPLT,Tue Jan 22 16:27:56 2019
MIPS StatusBar: TBLTRIG,Tue Jan 22 16:27:57 2019
MIPS StatusBar: TBLTRIG ,Tue Jan 22 16:27:57 2019
MIPS StatusBar: TBLTRIG  TBLCMPLT,Tue Jan 22 16:27:57 2019
MIPS StatusBar: TBLTRIG,Tue Jan 22 16:27:58 2019
MIPS StatusBar: TBLTRIG ,Tue Jan 22 16:27:58 2019
MIPS StatusBar: TBLTRIG  TBLCMPLT,Tue Jan 22 16:27:58 2019
MIPS StatusBar: TBLTRIG,Tue Jan 22 16:27:59 2019
MIPS StatusBar: TBLTRIG ,Tue Jan 22 16:27:59 2019
MIPS StatusBar: TBLTRIG  TBLCMPLT,Tue Jan 22 16:27:59 2019
Tab selected, Terminal,Tue Jan 22 16:28:04 2019
MIPS closing: MIPS, Version 1.44 Jan 22, 2019,Tue Jan 22 16:56:44 2019
MIPS loaded: MIPS, Version 1.44 Jan 22, 2019,Wed Jan 23 08:13:37 2019
Control panel loaded: /Users/GAA/GAACE/Products/MIPS/MIPSapp/MIPS/Example.cfg,Wed Jan 23 08:13:38 2019
CP StatusBar: Server started!,Wed Jan 23 08:13:38 2019
Control panel unloading,Wed Jan 23 08:13:45 2019
MIPS StatusBar: Connected to usbmodem14211101 : 9600, 8, None, 1, None,Wed Jan 23 08:13:51 2019
Tab selected, DCbias,Wed Jan 23 08:13:53 2019
Tab selected, Digital IO,Wed Jan 23 08:14:00 2019
MIPS StatusBar: Updating Digital IO controls...,Wed Jan 23 08:14:00 2019
Tab selected, DCbias,Wed Jan 23 08:14:00 2019
Tab selected, RFdriver,Wed Jan 23 08:14:03 2019
MIPS StatusBar: Updating RF driver controls...,Wed Jan 23 08:14:03 2019
Tab selected, DCbias,Wed Jan 23 08:14:04 2019
Tab selected, Digital IO,Wed Jan 23 08:14:05 2019
MIPS StatusBar: Updating Digital IO controls...,Wed Jan 23 08:14:05 2019
Tab selected, DCbias,Wed Jan 23 08:14:05 2019
Tab selected, RFdriver,Wed Jan 23 08:14:08 2019
MIPS StatusBar: Updating RF driver controls...,Wed Jan 23 08:14:08 2019
Tab selected, DCbias,Wed Jan 23 08:14:09 2019
Tab selected, Digital IO,Wed Jan 23 08:14:09 2019
MIPS StatusBar: Updating Digital IO controls...,Wed Jan 23 08:14:09 2019
Tab selected, DCbias,Wed Jan 23 08:14:10 2019
Tab selected, RFdriver,Wed Jan 23 08:14:11 2019
MIPS StatusBar: Updating RF driver controls...,Wed Jan 23 08:14:11 2019
Tab selected, DCbias,Wed Jan 23 08:14:11 2019
Tab selected, Digital IO,Wed Jan 23 08:14:12 2019
MIPS StatusBar: Updating Digital IO controls...,Wed Jan 23 08:14:12 2019
Tab selected, DCbias,Wed Jan 23 08:14:13 2019
Tab selected, Digital IO,Wed Jan 23 08:14:19 2019
MIPS StatusBar: Updating Digital IO controls...,Wed Jan 23 08:14:19 2019
Tab selected, DCbias,Wed Jan 23 08:14:20 2019
Tab selected, RFdriver,Wed Jan 23 08:14:22 2019
MIPS StatusBar: Updating RF driver controls...,Wed Jan 23 08:14:22 2019
Tab selected, DCbias,Wed Jan 23 08:14:22 2019
Tab selected, RFdriver,Wed Jan 23 08:14:24 2019
MIPS StatusBar: Updating RF driver controls...,Wed Jan 23 08:14:24 2019
Tab selected, DCbias,Wed Jan 23 08:14:24 2019
Tab selected, Digital IO,Wed Jan 23 08:14:25 2019
MIPS StatusBar: Updating Digital IO controls...,Wed Jan 23 08:14:25 2019
Tab selected, DCbias,Wed Jan 23 08:14:26 2019
Tab selected, ADC,Wed Jan 23 08:14:28 2019
Tab selected, Digital IO,Wed Jan 23 08:14:28 2019
MIPS StatusBar: Updating Digital IO controls...,Wed Jan 23 08:14:28 2019
Tab selected, DCbias,Wed Jan 23 08:14:30 2019
Tab selected, RFdriver,Wed Jan 23 08:14:39 2019
MIPS StatusBar: Updating RF driver controls...,Wed Jan 23 08:14:39 2019
Tab selected, DCbias,Wed Jan 23 08:14:39 2019
Tab selected, Digital IO,Wed Jan 23 08:14:40 2019
MIPS StatusBar: Updating Digital IO controls...,Wed Jan 23 08:14:40 2019
Tab selected, DCbias,Wed Jan 23 08:14:40 2019
Tab selected, RFdriver,Wed Jan 23 08:14:41 2019
MIPS StatusBar: Updating RF driver controls...,Wed Jan 23 08:14:41 2019
Tab selected, DCbias,Wed Jan 23 08:14:42 2019
Tab selected, Digital IO,Wed Jan 23 08:14:42 2019
MIPS StatusBar: Updating Digital IO controls...,Wed Jan 23 08:14:42 2019
Tab selected, DCbias,Wed Jan 23 08:14:43 2019
Tab selected, RFdriver,Wed Jan 23 08:14:43 2019
MIPS StatusBar: Updating RF driver controls...,Wed Jan 23 08:14:43 2019
Tab selected, DCbias,Wed Jan 23 08:14:44 2019
Tab selected, Digital IO,Wed Jan 23 08:14:44 2019
MIPS StatusBar: Updating Digital IO controls...,Wed Jan 23 08:14:44 2019
Tab selected, DCbias,Wed Jan 23 08:14:45 2019
Tab selected, Digital IO,Wed Jan 23 08:14:46 2019
MIPS StatusBar: Updating Digital IO controls...,Wed Jan 23 08:14:46 2019
Tab selected, DCbias,Wed Jan 23 08:14:46 2019
Tab selected, RFdriver,Wed Jan 23 08:14:47 2019
MIPS StatusBar: Updating RF driver controls...,Wed Jan 23 08:14:47 2019
Tab selected, DCbias,Wed Jan 23 08:14:47 2019
Tab selected, System,Wed Jan 23 08:16:36 2019
MIPS StatusBar: Disconnected,Wed Jan 23 08:16:37 2019
MIPS closing: MIPS, Version 1.44 Jan 22, 2019,Wed Jan 23 08:16:39 2019
MIPS loaded: MIPS, Version 1.44 Jan 22, 2019,Wed Jan 23 08:16:45 2019
Control panel loaded: /Users/GAA/GAACE/Products/MIPS/MIPSapp/MIPS/Example.cfg,Wed Jan 23 08:16:46 2019
CP StatusBar: Server started!,Wed Jan 23 08:16:46 2019
Control panel unloading,Wed Jan 23 08:16:50 2019
MIPS StatusBar: Connected to usbmodem14211101 : 9600, 8, None, 1, None,Wed Jan 23 08:16:54 2019
Tab selected, DCbias,Wed Jan 23 08:16:56 2019
Tab selected, RFdriver,Wed Jan 23 08:17:00 2019
MIPS StatusBar: Updating RF driver controls...,Wed Jan 23 08:17:00 2019
Tab selected, DCbias,Wed Jan 23 08:17:00 2019
Tab selected, RFdriver,Wed Jan 23 08:17:01 2019
MIPS StatusBar: Updating RF driver controls...,Wed Jan 23 08:17:01 2019
Tab selected, DCbias,Wed Jan 23 08:17:01 2019
Tab selected, Digital IO,Wed Jan 23 08:17:02 2019
MIPS StatusBar: Updating Digital IO controls...,Wed Jan 23 08:17:02 2019
Tab selected, DCbias,Wed Jan 23 08:17:02 2019
Tab selected, RFdriver,Wed Jan 23 08:17:03 2019
MIPS StatusBar: Updating RF driver controls...,Wed Jan 23 08:17:03 2019
Tab selected, DCbias,Wed Jan 23 08:17:03 2019
Tab selected, Digital IO,Wed Jan 23 08:17:07 2019
MIPS StatusBar: Updating Digital IO controls...,Wed Jan 23 08:17:07 2019
Tab selected, DCbias,Wed Jan 23 08:17:08 2019
Tab selected, RFdriver,Wed Jan 23 08:17:09 2019
MIPS StatusBar: Updating RF driver controls...,Wed Jan 23 08:17:09 2019
MIPS StatusBar: Updating RF driver controls...,Wed Jan 23 08:17:09 2019
Tab selected, DCbias,Wed Jan 23 08:17:09 2019
Tab selected, Digital IO,Wed Jan 23 08:17:10 2019
MIPS StatusBar: Updating Digital IO controls...,Wed Jan 23 08:17:10 2019
Tab selected, DCbias,Wed Jan 23 08:17:10 2019
Tab selected, RFdriver,Wed Jan 23 08:17:11 2019
MIPS StatusBar: Updating RF driver controls...,Wed Jan 23 08:17:11 2019
Tab selected, DCbias,Wed Jan 23 08:17:11 2019
Tab selected, Digital IO,Wed Jan 23 08:17:12 2019
MIPS StatusBar: Updating Digital IO controls...,Wed Jan 23 08:17:12 2019
Tab selected, DCbias,Wed Jan 23 08:17:12 2019
Tab selected, RFdriver,Wed Jan 23 08:17:13 2019
MIPS StatusBar: Updating RF driver controls...,Wed Jan 23 08:17:13 2019
Tab selected, DCbias,Wed Jan 23 08:17:13 2019
Tab selected, Digital IO,Wed Jan 23 08:17:14 2019
MIPS StatusBar: Updating Digital IO controls...,Wed Jan 23 08:17:14 2019
Tab selected, DCbias,Wed Jan 23 08:17:14 2019
Tab selected, RFdriver,Wed Jan 23 08:17:15 2019
MIPS StatusBar: Updating RF driver controls...,Wed Jan 23 08:17:15 2019
Tab selected, DCbias,Wed Jan 23 08:17:15 2019
Tab selected, Digital IO,Wed Jan 23 08:17:16 2019
MIPS StatusBar: Updating Digital IO controls...,Wed Jan 23 08:17:16 2019
Tab selected, DCbias,Wed Jan 23 08:17:17 2019
Tab selected, RFdriver,Wed Jan 23 08:17:17 2019
MIPS StatusBar: Updating RF driver controls...,Wed Jan 23 08:17:17 2019
Tab selected, DCbias,Wed Jan 23 08:17:18 2019
MIPS closing: MIPS, Version 1.44 Jan 22, 2019,Wed Jan 23 08:17:56 2019
MIPS loaded: MIPS, Version 1.44 Jan 22, 2019,Wed Jan 23 08:18:01 2019
Control panel loaded: /Users/GAA/GAACE/Products/MIPS/MIPSapp/MIPS/Example.cfg,Wed Jan 23 08:18:02 2019
CP StatusBar: Server started!,Wed Jan 23 08:18:02 2019
Control panel unloading,Wed Jan 23 08:18:06 2019
MIPS StatusBar: Connected to usbmodem14211101 : 9600, 8, None, 1, None,Wed Jan 23 08:18:12 2019
Tab selected, DCbias,Wed Jan 23 08:18:13 2019
Tab selected, Digital IO,Wed Jan 23 08:18:19 2019
MIPS StatusBar: Updating Digital IO controls...,Wed Jan 23 08:18:19 2019
Tab selected, DCbias,Wed Jan 23 08:18:20 2019
Tab selected, RFdriver,Wed Jan 23 08:18:20 2019
MIPS StatusBar: Updating RF driver controls...,Wed Jan 23 08:18:20 2019
Tab selected, DCbias,Wed Jan 23 08:18:21 2019
Tab selected, Digital IO,Wed Jan 23 08:18:21 2019
MIPS StatusBar: Updating Digital IO controls...,Wed Jan 23 08:18:21 2019
Tab selected, DCbias,Wed Jan 23 08:18:22 2019
Tab selected, RFdriver,Wed Jan 23 08:18:22 2019
MIPS StatusBar: Updating RF driver controls...,Wed Jan 23 08:18:22 2019
Tab selected, DCbias,Wed Jan 23 08:18:23 2019
Tab selected, Digital IO,Wed Jan 23 08:18:23 2019
MIPS StatusBar: Updating Digital IO controls...,Wed Jan 23 08:18:23 2019
Tab selected, DCbias,Wed Jan 23 08:18:24 2019
Tab selected, RFdriver,Wed Jan 23 08:18:24 2019
MIPS StatusBar: Updating RF driver controls...,Wed Jan 23 08:18:24 2019
MIPS StatusBar: Updating RF driver controls...,Wed Jan 23 08:18:24 2019
Tab selected, DCbias,Wed Jan 23 08:18:24 2019
Tab selected, Digital IO,Wed Jan 23 08:18:25 2019
MIPS StatusBar: Updating Digital IO controls...,Wed Jan 23 08:18:25 2019
Tab selected, DCbias,Wed Jan 23 08:18:25 2019
Tab selected, RFdriver,Wed Jan 23 08:18:26 2019
MIPS StatusBar: Updating RF driver controls...,Wed Jan 23 08:18:26 2019
Tab selected, DCbias,Wed Jan 23 08:18:26 2019
Tab selected, Digital IO,Wed Jan 23 08:18:27 2019
MIPS StatusBar: Updating Digital IO controls...,Wed Jan 23 08:18:27 2019
Tab selected, DCbias,Wed Jan 23 08:18:28 2019
Tab selected, RFdriver,Wed Jan 23 08:18:37 2019
MIPS StatusBar: Updating RF driver controls...,Wed Jan 23 08:18:37 2019
Tab selected, DCbias,Wed Jan 23 08:18:37 2019
Tab selected, Digital IO,Wed Jan 23 08:18:39 2019
MIPS StatusBar: Updating Digital IO controls...,Wed Jan 23 08:18:39 2019
Tab selected, DCbias,Wed Jan 23 08:18:39 2019
Tab selected, RFdriver,Wed Jan 23 08:18:40 2019
MIPS StatusBar: Updating RF driver controls...,Wed Jan 23 08:18:40 2019
Tab selected, DCbias,Wed Jan 23 08:18:40 2019
Tab selected, RFdriver,Wed Jan 23 08:18:43 2019
MIPS StatusBar: Updating RF driver controls...,Wed Jan 23 08:18:43 2019
Tab selected, DCbias,Wed Jan 23 08:18:43 2019
Tab selected, Digital IO,Wed Jan 23 08:18:44 2019
MIPS StatusBar: Updating Digital IO controls...,Wed Jan 23 08:18:44 2019
Tab selected, DCbias,Wed Jan 23 08:18:44 2019
Tab selected, RFdriver,Wed Jan 23 08:18:45 2019
MIPS StatusBar: Updating RF driver controls...,Wed Jan 23 08:18:45 2019
Tab selected, DCbias,Wed Jan 23 08:18:46 2019
Tab selected, Digital IO,Wed Jan 23 08:18:46 2019
MIPS StatusBar: Updating Digital IO controls...,Wed Jan 23 08:18:46 2019
Tab selected, DCbias,Wed Jan 23 08:18:47 2019
Tab selected, Terminal,Wed Jan 23 08:18:53 2019
Tab selected, DCbias,Wed Jan 23 08:18:54 2019
Tab selected, Terminal,Wed Jan 23 08:18:55 2019
Tab selected, DCbias,Wed Jan 23 08:18:56 2019
Tab selected, Terminal,Wed Jan 23 08:18:57 2019
Tab selected, DCbias,Wed Jan 23 08:18:57 2019
MIPS StatusBar: Disconnected!,Wed Jan 23 08:18:58 2019
MIPS StatusBar: GDCB,2 :Timeout,Wed Jan 23 08:18:58 2019
Tab selected, Terminal,Wed Jan 23 08:19:01 2019
Tab selected, DCbias,Wed Jan 23 08:19:02 2019
Tab selected, Terminal,Wed Jan 23 08:19:03 2019
Tab selected, DCbias,Wed Jan 23 08:19:04 2019
Tab selected, Terminal,Wed Jan 23 08:19:04 2019
Tab selected, DCbias,Wed Jan 23 08:19:05 2019
Tab selected, Terminal,Wed Jan 23 08:19:06 2019
MIPS StatusBar: GDCBV,6 :Timeout,Wed Jan 23 08:19:06 2019
Tab selected, DCbias,Wed Jan 23 08:19:07 2019
Tab selected, Terminal,Wed Jan 23 08:19:07 2019
Tab selected, DCbias,Wed Jan 23 08:19:08 2019
Tab selected, Terminal,Wed Jan 23 08:19:11 2019
Tab selected, Digital IO,Wed Jan 23 08:19:12 2019
MIPS StatusBar: Updating Digital IO controls...,Wed Jan 23 08:19:12 2019
Tab selected, DCbias,Wed Jan 23 08:19:13 2019
Tab selected, Digital IO,Wed Jan 23 08:19:13 2019
MIPS StatusBar: Updating Digital IO controls...,Wed Jan 23 08:19:13 2019
Tab selected, Terminal,Wed Jan 23 08:19:14 2019
MIPS StatusBar: GDCMIN,1 :Timeout,Wed Jan 23 08:19:15 2019
Tab selected, DCbias,Wed Jan 23 08:19:15 2019
Tab selected, Terminal,Wed Jan 23 08:19:18 2019
Tab selected, DCbias,Wed Jan 23 08:19:19 2019
Tab selected, Terminal,Wed Jan 23 08:19:19 2019
Tab selected, DCbias,Wed Jan 23 08:19:20 2019
Tab selected, Terminal,Wed Jan 23 08:19:21 2019
Tab selected, DCbias,Wed Jan 23 08:19:21 2019
Tab selected, Terminal,Wed Jan 23 08:19:22 2019
Tab selected, DCbias,Wed Jan 23 08:19:23 2019
Tab selected, Terminal,Wed Jan 23 08:19:23 2019
Tab selected, DCbias,Wed Jan 23 08:19:24 2019
Tab selected, RFdriver,Wed Jan 23 08:19:27 2019
MIPS StatusBar: Updating RF driver controls...,Wed Jan 23 08:19:27 2019
Tab selected, DCbias,Wed Jan 23 08:19:27 2019
Tab selected, Digital IO,Wed Jan 23 08:19:28 2019
MIPS StatusBar: Updating Digital IO controls...,Wed Jan 23 08:19:28 2019
Tab selected, DCbias,Wed Jan 23 08:19:28 2019
Tab selected, Terminal,Wed Jan 23 08:19:29 2019
Tab selected, DCbias,Wed Jan 23 08:19:30 2019
Tab selected, Digital IO,Wed Jan 23 08:19:36 2019
MIPS StatusBar: Updating Digital IO controls...,Wed Jan 23 08:19:36 2019
Tab selected, ADC,Wed Jan 23 08:19:36 2019
Tab selected, Terminal,Wed Jan 23 08:19:37 2019
Tab selected, DCbias,Wed Jan 23 08:19:42 2019
Tab selected, Terminal,Wed Jan 23 08:58:48 2019
Tab selected, DCbias,Wed Jan 23 08:58:49 2019
Tab selected, Terminal,Wed Jan 23 08:58:50 2019
Tab selected, DCbias,Wed Jan 23 08:58:50 2019
Tab selected, Terminal,Wed Jan 23 08:58:51 2019
Tab selected, DCbias,Wed Jan 23 08:58:52 2019
MIPS StatusBar: Disconnected!,Wed Jan 23 08:58:52 2019
MIPS StatusBar: GDCMAX,1 :Timeout,Wed Jan 23 08:58:53 2019
Tab selected, Terminal,Wed Jan 23 08:58:58 2019
Tab selected, DCbias,Wed Jan 23 08:58:59 2019
Tab selected, Terminal,Wed Jan 23 08:59:00 2019
Tab selected, DCbias,Wed Jan 23 08:59:01 2019
Tab selected, Terminal,Wed Jan 23 08:59:01 2019
Tab selected, DCbias,Wed Jan 23 08:59:02 2019
Tab selected, Terminal,Wed Jan 23 08:59:03 2019
Tab selected, DCbias,Wed Jan 23 08:59:04 2019
Tab selected, Terminal,Wed Jan 23 08:59:04 2019
Tab selected, DCbias,Wed Jan 23 08:59:05 2019
Tab selected, Terminal,Wed Jan 23 08:59:06 2019
Tab selected, DCbias,Wed Jan 23 08:59:12 2019
MIPS closing: MIPS, Version 1.44 Jan 22, 2019,Wed Jan 23 08:59:35 2019
MIPS loaded: MIPS, Version 1.44 Jan 22, 2019,Wed Jan 23 09:00:23 2019
Control panel loaded: /Users/GAA/GAACE/Products/MIPS/MIPSapp/MIPS/Example.cfg,Wed Jan 23 09:00:24 2019
CP StatusBar: Server started!,Wed Jan 23 09:00:24 2019
Control panel unloading,Wed Jan 23 09:00:29 2019
MIPS StatusBar: Connected to usbmodem14211101 : 9600, 8, None, 1, None,Wed Jan 23 09:00:36 2019
Tab selected, DCbias,Wed Jan 23 09:00:38 2019
Tab selected, RFdriver,Wed Jan 23 09:00:44 2019
MIPS StatusBar: Updating RF driver controls...,Wed Jan 23 09:00:44 2019
Tab selected, DCbias,Wed Jan 23 09:00:45 2019
Tab selected, RFdriver,Wed Jan 23 09:00:46 2019
MIPS StatusBar: Updating RF driver controls...,Wed Jan 23 09:00:46 2019
Tab selected, DCbias,Wed Jan 23 09:00:47 2019
Tab selected, RFdriver,Wed Jan 23 09:00:48 2019
MIPS StatusBar: Updating RF driver controls...,Wed Jan 23 09:00:48 2019
Tab selected, Digital IO,Wed Jan 23 09:00:49 2019
MIPS StatusBar: Updating Digital IO controls...,Wed Jan 23 09:00:49 2019
Tab selected, DCbias,Wed Jan 23 09:00:49 2019
Tab selected, RFdriver,Wed Jan 23 09:00:50 2019
MIPS StatusBar: Updating RF driver controls...,Wed Jan 23 09:00:50 2019
MIPS StatusBar: Updating RF driver controls...,Wed Jan 23 09:00:50 2019
Tab selected, Digital IO,Wed Jan 23 09:00:51 2019
MIPS StatusBar: Updating Digital IO controls...,Wed Jan 23 09:00:51 2019
Tab selected, DCbias,Wed Jan 23 09:00:52 2019
Tab selected, RFdriver,Wed Jan 23 09:00:52 2019
MIPS StatusBar: Updating RF driver controls...,Wed Jan 23 09:00:52 2019
Tab selected, DCbias,Wed Jan 23 09:00:53 2019
Tab selected, Digital IO,Wed Jan 23 09:00:53 2019
MIPS StatusBar: Updating Digital IO controls...,Wed Jan 23 09:00:53 2019
Tab selected, DCbias,Wed Jan 23 09:00:54 2019
Tab selected, RFdriver,Wed Jan 23 09:00:54 2019
MIPS StatusBar: Updating RF driver controls...,Wed Jan 23 09:00:54 2019
Tab selected, DCbias,Wed Jan 23 09:00:57 2019
Tab selected, Terminal,Wed Jan 23 09:00:59 2019
Tab selected, DCbias,Wed Jan 23 09:01:01 2019
Tab selected, System,Wed Jan 23 09:01:05 2019
Tab selected, DCbias,Wed Jan 23 09:01:06 2019
Tab selected, Digital IO,Wed Jan 23 09:01:08 2019
MIPS StatusBar: Updating Digital IO controls...,Wed Jan 23 09:01:08 2019
Tab selected, RFdriver,Wed Jan 23 09:01:08 2019
MIPS StatusBar: Updating RF driver controls...,Wed Jan 23 09:01:08 2019
Tab selected, DCbias,Wed Jan 23 09:01:09 2019
Tab selected, Digital IO,Wed Jan 23 09:02:28 2019
MIPS StatusBar: Updating Digital IO controls...,Wed Jan 23 09:02:28 2019
Tab selected, DCbias,Wed Jan 23 09:02:29 2019
Tab selected, Digital IO,Wed Jan 23 09:02:30 2019
MIPS StatusBar: Updating Digital IO controls...,Wed Jan 23 09:02:30 2019
Tab selected, DCbias,Wed Jan 23 09:02:30 2019
Tab selected, Digital IO,Wed Jan 23 09:02:31 2019
MIPS StatusBar: Updating Digital IO controls...,Wed Jan 23 09:02:31 2019
Tab selected, DCbias,Wed Jan 23 09:02:32 2019
Tab selected, Terminal,Wed Jan 23 09:02:33 2019
Tab selected, DCbias,Wed Jan 23 09:02:34 2019
Tab selected, Terminal,Wed Jan 23 09:02:35 2019
Tab selected, DCbias,Wed Jan 23 09:02:36 2019
Tab selected, Terminal,Wed Jan 23 09:02:43 2019
Tab selected, Digital IO,Wed Jan 23 09:02:43 2019
MIPS StatusBar: Updating Digital IO controls...,Wed Jan 23 09:02:44 2019
Tab selected, DCbias,Wed Jan 23 09:02:44 2019
Tab selected, Terminal,Wed Jan 23 09:02:45 2019
Tab selected, RFdriver,Wed Jan 23 09:02:46 2019
MIPS StatusBar: Updating RF driver controls...,Wed Jan 23 09:02:46 2019
Tab selected, DCbias,Wed Jan 23 09:02:46 2019
Tab selected, Terminal,Wed Jan 23 09:02:49 2019
Tab selected, DCbias,Wed Jan 23 09:02:50 2019
MIPS StatusBar: Disconnected!,Wed Jan 23 09:02:50 2019
Tab selected, Terminal,Wed Jan 23 09:02:50 2019
MIPS StatusBar: GDCBV,7 :Timeout,Wed Jan 23 09:02:51 2019
Tab selected, DCbias,Wed Jan 23 09:02:52 2019
Tab selected, Terminal,Wed Jan 23 09:02:55 2019
Tab selected, DCbias,Wed Jan 23 09:02:56 2019
Tab selected, Terminal,Wed Jan 23 09:02:57 2019
Tab selected, DCbias,Wed Jan 23 09:02:57 2019
Tab selected, Terminal,Wed Jan 23 09:02:58 2019
MIPS StatusBar: GDCPWR :Timeout,Wed Jan 23 09:03:00 2019
Tab selected, DCbias,Wed Jan 23 09:03:00 2019
Tab selected, RFdriver,Wed Jan 23 09:03:13 2019
MIPS StatusBar: Updating RF driver controls...,Wed Jan 23 09:03:13 2019
Tab selected, DCbias,Wed Jan 23 09:03:15 2019
MIPS loaded: MIPS, Version 1.44 Jan 22, 2019,Wed Jan 23 09:03:46 2019
Control panel loaded: /Users/GAA/GAACE/Products/MIPS/MIPSapp/MIPS/Example.cfg,Wed Jan 23 09:03:47 2019
CP StatusBar: Server started!,Wed Jan 23 09:03:47 2019
Control panel unloading,Wed Jan 23 09:03:52 2019
MIPS StatusBar: Connected to usbmodem14211101 : 9600, 8, None, 1, None,Wed Jan 23 09:03:57 2019
Tab selected, DCbias,Wed Jan 23 09:04:02 2019
MIPS closing: MIPS, Version 1.44 Jan 22, 2019,Wed Jan 23 09:04:19 2019
MIPS loaded: MIPS, Version 1.44 Jan 22, 2019,Wed Jan 23 09:04:29 2019
Control panel loaded: /Users/GAA/GAACE/Products/MIPS/MIPSapp/MIPS/Example.cfg,Wed Jan 23 09:04:30 2019
CP StatusBar: Server started!,Wed Jan 23 09:04:30 2019
Control panel unloading,Wed Jan 23 09:04:41 2019
MIPS StatusBar: Connected to usbmodem14211101 : 9600, 8, None, 1, None,Wed Jan 23 09:04:46 2019
Tab selected, DCbias,Wed Jan 23 09:04:50 2019
MIPS closing: MIPS, Version 1.44 Jan 22, 2019,Wed Jan 23 09:04:59 2019
MIPS loaded: MIPS, Version 1.44 Jan 22, 2019,Wed Jan 23 10:27:45 2019
Control panel loaded: /Users/GAA/GAACE/Products/MIPS/MIPSapp/MIPS/Example.cfg,Wed Jan 23 10:27:46 2019
CP StatusBar: Server started!,Wed Jan 23 10:27:46 2019
Control panel unloading,Wed Jan 23 10:27:51 2019
MIPS StatusBar: Connected to usbmodem14211101 : 9600, 8, None, 1, None,Wed Jan 23 10:27:59 2019
Control panel loaded: /Users/GAA/GAACE/Products/MIPS/MIPSapp/MIPS/Example.cfg,Wed Jan 23 10:28:15 2019
MIPS-1: Version 1.148, Jan 21, 2019,Wed Jan 23 10:28:15 2019
CP StatusBar: Server started!,Wed Jan 23 10:28:15 2019
Script saved: /Users/GAA/GAACE/Products/MIPS/MIPSapp/test.scrpt,Wed Jan 23 10:33:33 2019
Script executed,Wed Jan 23 10:33:36 2019
Script aborted,Wed Jan 23 10:33:46 2019
Script saved: /Users/GAA/GAACE/Products/MIPS/MIPSapp/test.scrpt,Wed Jan 23 10:34:14 2019
Script executed,Wed Jan 23 10:34:17 2019
Script aborted,Wed Jan 23 10:34:49 2019
Script saved: /Users/GAA/GAACE/Products/MIPS/MIPSapp/build-MIPS-Desktop_Qt_5_4_2_clang_64bit-Release/MIPS.app/Contents/MacOS/test.scrpt,Wed Jan 23 10:35:18 2019
Script executed,Wed Jan 23 10:35:21 2019
MIPS StatusBar: Disconnected!,Wed Jan 23 10:35:24 2019
MIPS StatusBar: GDIO,Q :Timeout,Wed Jan 23 10:35:25 2019
CP StatusBar: Timed out,Wed Jan 23 10:35:25 2019
MIPS StatusBar: Disconnected!,Wed Jan 23 10:35:28 2019
MIPS StatusBar: GDIO,Q :Timeout,Wed Jan 23 10:35:29 2019
MIPS StatusBar: Disconnected!,Wed Jan 23 10:35:33 2019
MIPS StatusBar: GDIO,Q :Timeout,Wed Jan 23 10:35:34 2019
MIPS StatusBar: Disconnected!,Wed Jan 23 10:35:37 2019
MIPS StatusBar: GDIO,Q :Timeout,Wed Jan 23 10:35:38 2019
MIPS StatusBar: Disconnected!,Wed Jan 23 10:35:42 2019
MIPS StatusBar: GDIO,Q :Timeout,Wed Jan 23 10:35:43 2019
MIPS StatusBar: Disconnected!,Wed Jan 23 10:35:53 2019
MIPS StatusBar: GDIO,Q :Timeout,Wed Jan 23 10:35:54 2019
MIPS StatusBar: Disconnected!,Wed Jan 23 10:35:57 2019
MIPS StatusBar: GDIO,Q :Timeout,Wed Jan 23 10:35:58 2019
Script aborted,Wed Jan 23 10:36:02 2019
Script aborted,Wed Jan 23 10:36:03 2019
